#
# A fatal error has been detected by the Java Runtime Environment:
#
#  SIGFPE (0x8) at pc=0x000000011b8ed508, pid=35824, tid=61699
#
# JRE version: Java(TM) SE Runtime Environment (14.0.2+12) (build 14.0.2+12-46)
# Java VM: Java HotSpot(TM) 64-Bit Server VM (14.0.2+12-46, mixed mode, sharing, tiered, compressed oops, g1 gc, bsd-amd64)
# Problematic frame:
# j  MainPanel.logicalToPhysical(Ljava/awt/Point;)Ljava/awt/Point;+25
#
# No core dump will be written. Core dumps have been disabled. To enable core dumping, try "ulimit -c unlimited" before starting Java again
#
# If you would like to submit a bug report, please visit:
#   https://bugreport.java.com/bugreport/crash.jsp
#

---------------  S U M M A R Y ------------

Command Line: BeanCounterGUI 500 luck

Host: MacBookPro17,1 x86_64 2400 MHz, 8 cores, 8G, Darwin 20.1.0
Time: Wed Dec  2 10:11:45 2020 EST elapsed time: 1 seconds (0d 0h 0m 1s)

---------------  T H R E A D  ---------------

Current thread (0x00007fc7729c6000):  JavaThread "AWT-EventQueue-0" [_thread_in_Java, id=61699, stack(0x000000030edfc000,0x000000030eefc000)]

Stack: [0x000000030edfc000,0x000000030eefc000],  sp=0x000000030eefa190,  free space=1016k
Native frames: (J=compiled Java code, A=aot compiled Java code, j=interpreted, Vv=VM code, C=native code)
j  MainPanel.logicalToPhysical(Ljava/awt/Point;)Ljava/awt/Point;+25
j  MainPanel.getBeanPositions()[Ljava/awt/Point;+38
j  MainPanel.paintComponent(Ljava/awt/Graphics;)V+14
j  javax.swing.JComponent.paint(Ljava/awt/Graphics;)V+286 java.desktop@14.0.2
j  javax.swing.JComponent.paintChildren(Ljava/awt/Graphics;)V+523 java.desktop@14.0.2
j  javax.swing.JComponent.paint(Ljava/awt/Graphics;)V+318 java.desktop@14.0.2
j  javax.swing.JComponent.paintChildren(Ljava/awt/Graphics;)V+523 java.desktop@14.0.2
j  javax.swing.JComponent.paint(Ljava/awt/Graphics;)V+318 java.desktop@14.0.2
j  javax.swing.JLayeredPane.paint(Ljava/awt/Graphics;)V+73 java.desktop@14.0.2
j  javax.swing.JComponent.paintChildren(Ljava/awt/Graphics;)V+523 java.desktop@14.0.2
j  javax.swing.JComponent.paintToOffscreen(Ljava/awt/Graphics;IIIIII)V+72 java.desktop@14.0.2
j  javax.swing.RepaintManager$PaintManager.paintDoubleBufferedImpl(Ljavax/swing/JComponent;Ljava/awt/Image;Ljava/awt/Graphics;IIII)V+163 java.desktop@14.0.2
j  javax.swing.RepaintManager$PaintManager.paintDoubleBuffered(Ljavax/swing/JComponent;Ljava/awt/Image;Ljava/awt/Graphics;IIII)V+46 java.desktop@14.0.2
j  javax.swing.RepaintManager$PaintManager.paint(Ljavax/swing/JComponent;Ljavax/swing/JComponent;Ljava/awt/Graphics;IIII)Z+128 java.desktop@14.0.2
j  javax.swing.RepaintManager.paint(Ljavax/swing/JComponent;Ljavax/swing/JComponent;Ljava/awt/Graphics;IIII)V+52 java.desktop@14.0.2
j  javax.swing.JComponent.paint(Ljava/awt/Graphics;)V+221 java.desktop@14.0.2
j  java.awt.GraphicsCallback$PaintCallback.run(Ljava/awt/Component;Ljava/awt/Graphics;)V+2 java.desktop@14.0.2
j  sun.awt.SunGraphicsCallback.runOneComponent(Ljava/awt/Component;Ljava/awt/Rectangle;Ljava/awt/Graphics;Ljava/awt/Shape;I)V+130 java.desktop@14.0.2
j  sun.awt.SunGraphicsCallback.runComponents([Ljava/awt/Component;Ljava/awt/Graphics;I)V+157 java.desktop@14.0.2
j  java.awt.Container.paint(Ljava/awt/Graphics;)V+58 java.desktop@14.0.2
j  java.awt.Window.paint(Ljava/awt/Graphics;)V+68 java.desktop@14.0.2
j  javax.swing.RepaintManager$4.run()Ljava/lang/Void;+142 java.desktop@14.0.2
j  javax.swing.RepaintManager$4.run()Ljava/lang/Object;+1 java.desktop@14.0.2
J 517 c1 java.security.AccessController.executePrivileged(Ljava/security/PrivilegedAction;Ljava/security/AccessControlContext;Ljava/lang/Class;)Ljava/lang/Object; java.base@14.0.2 (65 bytes) @ 0x000000011bf250a4 [0x000000011bf24f40+0x0000000000000164]
j  java.security.AccessController.doPrivileged(Ljava/security/PrivilegedAction;Ljava/security/AccessControlContext;)Ljava/lang/Object;+13 java.base@14.0.2
j  java.security.ProtectionDomain$JavaSecurityAccessImpl.doIntersectionPrivilege(Ljava/security/PrivilegedAction;Ljava/security/AccessControlContext;Ljava/security/AccessControlContext;)Ljava/lang/Object;+18 java.base@14.0.2
j  javax.swing.RepaintManager.paintDirtyRegions(Ljava/util/Map;)V+154 java.desktop@14.0.2
j  javax.swing.RepaintManager.paintDirtyRegions()V+46 java.desktop@14.0.2
j  javax.swing.RepaintManager.prePaintDirtyRegions()V+73 java.desktop@14.0.2
j  javax.swing.RepaintManager$ProcessingRunnable.run()V+37 java.desktop@14.0.2
j  java.awt.event.InvocationEvent.dispatch()V+47 java.desktop@14.0.2
j  java.awt.EventQueue.dispatchEventImpl(Ljava/awt/AWTEvent;Ljava/lang/Object;)V+21 java.desktop@14.0.2
j  java.awt.EventQueue$4.run()Ljava/lang/Void;+32 java.desktop@14.0.2
j  java.awt.EventQueue$4.run()Ljava/lang/Object;+1 java.desktop@14.0.2
J 517 c1 java.security.AccessController.executePrivileged(Ljava/security/PrivilegedAction;Ljava/security/AccessControlContext;Ljava/lang/Class;)Ljava/lang/Object; java.base@14.0.2 (65 bytes) @ 0x000000011bf250a4 [0x000000011bf24f40+0x0000000000000164]
j  java.security.AccessController.doPrivileged(Ljava/security/PrivilegedAction;Ljava/security/AccessControlContext;)Ljava/lang/Object;+13 java.base@14.0.2
j  java.security.ProtectionDomain$JavaSecurityAccessImpl.doIntersectionPrivilege(Ljava/security/PrivilegedAction;Ljava/security/AccessControlContext;Ljava/security/AccessControlContext;)Ljava/lang/Object;+18 java.base@14.0.2
j  java.awt.EventQueue.dispatchEvent(Ljava/awt/AWTEvent;)V+46 java.desktop@14.0.2
j  java.awt.EventDispatchThread.pumpOneEventForFilters(I)V+78 java.desktop@14.0.2
j  java.awt.EventDispatchThread.pumpEventsForFilter(ILjava/awt/Conditional;Ljava/awt/EventFilter;)V+35 java.desktop@14.0.2
j  java.awt.EventDispatchThread.pumpEventsForHierarchy(ILjava/awt/Conditional;Ljava/awt/Component;)V+11 java.desktop@14.0.2
j  java.awt.EventDispatchThread.pumpEvents(ILjava/awt/Conditional;)V+4 java.desktop@14.0.2
j  java.awt.EventDispatchThread.pumpEvents(Ljava/awt/Conditional;)V+3 java.desktop@14.0.2
j  java.awt.EventDispatchThread.run()V+9 java.desktop@14.0.2
v  ~StubRoutines::call_stub
V  [libjvm.dylib+0x34b6f6]  _ZN9JavaCalls11call_helperEP9JavaValueRK12methodHandleP17JavaCallArgumentsP6Thread+0x256
V  [libjvm.dylib+0x34ab10]  _ZN9JavaCalls12call_virtualEP9JavaValueP5KlassP6SymbolS5_P17JavaCallArgumentsP6Thread+0xfe
V  [libjvm.dylib+0x34abcc]  _ZN9JavaCalls12call_virtualEP9JavaValue6HandleP5KlassP6SymbolS6_P6Thread+0x62
V  [libjvm.dylib+0x3d10fc]  _ZL12thread_entryP10JavaThreadP6Thread+0x78
V  [libjvm.dylib+0x6ed18a]  _ZN10JavaThread17thread_main_innerEv+0x86
V  [libjvm.dylib+0x6ecfc8]  _ZN10JavaThread3runEv+0x118
V  [libjvm.dylib+0x6eae07]  _ZN6Thread8call_runEv+0x71
V  [libjvm.dylib+0x5e98be]  _ZL19thread_native_entryP6Thread+0x129
C  [libsystem_pthread.dylib+0x6950]  _pthread_start+0xe0
C  [libsystem_pthread.dylib+0x247b]  thread_start+0xf


siginfo: si_signo: 8 (SIGFPE), si_code: 5 (FPE_FLTINV), si_addr: 0x000000011b8ed508

Register to memory mapping:

RAX=0x0000000000000134 is an unknown value
RBX=0x000000000000006c is an unknown value
RCX=0x0 is NULL
RDX=0x0 is NULL
RSP=0x000000030eefa190 is pointing into the stack for thread: 0x00007fc7729c6000
RBP=0x000000030eefa1d8 is pointing into the stack for thread: 0x00007fc7729c6000
RSI=0x0000000000000003 is an unknown value
RDI=0x00007fc7729c6000 is a thread
R8 =0x00000001315ca4f8 is pointing into metadata
R9 =0x00007fc771dc3150 points into unknown readable memory: 50 8a 11 00 08 00 00 00
R10=0x0000000111976f50: _ZN19TemplateInterpreter13_active_tableE+0x2000 in /Library/Java/JavaVirtualMachines/jdk-14.0.2.jdk/Contents/Home/lib/server/libjvm.dylib at 0x0000000111000000
R11=0x00000001318da000 is pointing into metadata
R12=0x0 is NULL
R13=0x00000001318db0a3 is pointing into metadata
R14=0x000000030eefa228 is pointing into the stack for thread: 0x00007fc7729c6000
R15=0x00007fc7729c6000 is a thread


Registers:
RAX=0x0000000000000134, RBX=0x000000000000006c, RCX=0x0000000000000000, RDX=0x0000000000000000
RSP=0x000000030eefa190, RBP=0x000000030eefa1d8, RSI=0x0000000000000003, RDI=0x00007fc7729c6000
R8 =0x00000001315ca4f8, R9 =0x00007fc771dc3150, R10=0x0000000111976f50, R11=0x00000001318da000
R12=0x0000000000000000, R13=0x00000001318db0a3, R14=0x000000030eefa228, R15=0x00007fc7729c6000
RIP=0x000000011b8ed508, EFLAGS=0x0000000000000a83, ERR=0x0000000000000000
  TRAPNO=0x0000000000000000

Top of Stack: (sp=0x000000030eefa190)
0x000000030eefa190:   000000030eefa190 00000001318db091
0x000000030eefa1a0:   000000030eefa228 0000000131910040
0x000000030eefa1b0:   0000000000000000 0000000787f4d4b0
0x000000030eefa1c0:   00000001318db158 0000000000000000
0x000000030eefa1d0:   000000030eefa220 000000030eefa288
0x000000030eefa1e0:   000000011b8e2c40 0000000000000000
0x000000030eefa1f0:   0000000000000000 0000000000000000
0x000000030eefa200:   0000000000000320 000000000000001e
0x000000030eefa210:   0000000000000190 0000000787a466d0
0x000000030eefa220:   0000000787a466b8 0000000787c45c18
0x000000030eefa230:   0000000000000000 0000000787a466a0
0x000000030eefa240:   000000030eefa240 00000001318db20e
0x000000030eefa250:   000000030eefa2b0 0000000131910040
0x000000030eefa260:   0000000000000000 0000000787f4d4b0
0x000000030eefa270:   00000001318db278 000000030eefa220
0x000000030eefa280:   000000030eefa2b0 000000030eefa308
0x000000030eefa290:   000000011b8e2c40 0000000000000000
0x000000030eefa2a0:   0000000000000000 0000000787a466a0
0x000000030eefa2b0:   0000000787c45c18 0000000787c45c18
0x000000030eefa2c0:   000000030eefa2c0 00000001318dc086
0x000000030eefa2d0:   000000030eefa330 0000000131910040
0x000000030eefa2e0:   0000000000000000 0000000787f4d4b0
0x000000030eefa2f0:   00000001318dc1a8 000000030eefa2b0
0x000000030eefa300:   000000030eefa328 000000030eefa380
0x000000030eefa310:   000000011b8e2ef3 0000000000000000
0x000000030eefa320:   0000000000000000 0000000787a461b8
0x000000030eefa330:   0000000787c45c18 000000030eefa338
0x000000030eefa340:   00000001315202ae 000000030eefa408
0x000000030eefa350:   0000000131794840 0000000000000000
0x000000030eefa360:   0000000787f4d148 0000000131520450
0x000000030eefa370:   000000030eefa328 000000030eefa400
0x000000030eefa380:   000000030eefa468 000000011b8e2ef3 

Instructions: (pc=0x000000011b8ed508)
0x000000011b8ed408:   bf f6 79 11 01 00 00 00 6a 00 00 00 00 00 00 00
0x000000011b8ed418:   00 00 00 00 00 00 00 00 f3 0f 10 04 24 48 83 c4
0x000000011b8ed428:   08 f3 0f 59 04 24 48 83 c4 08 41 0f b6 5d 01 49
0x000000011b8ed438:   ff c5 49 ba 50 7f 97 11 01 00 00 00 41 ff 24 da
0x000000011b8ed448:   00 00 00 00 00 00 00 00 00 00 00 00 00 00 00 00
0x000000011b8ed458:   00 00 00 00 00 00 00 00 60 00 00 00 00 00 00 00
0x000000011b8ed468:   c4 f6 79 11 01 00 00 00 6b 00 00 00 00 00 00 00
0x000000011b8ed478:   00 00 00 00 00 00 00 00 f2 0f 10 04 24 48 83 c4
0x000000011b8ed488:   10 f2 0f 59 04 24 48 83 c4 10 41 0f b6 5d 01 49
0x000000011b8ed498:   ff c5 49 ba 50 87 97 11 01 00 00 00 41 ff 24 da
0x000000011b8ed4a8:   00 00 00 00 00 00 00 00 00 00 00 00 00 00 00 00
0x000000011b8ed4b8:   00 00 00 00 00 00 00 00 60 00 00 00 00 00 00 00
0x000000011b8ed4c8:   c9 f6 79 11 01 00 00 00 6c 00 00 00 00 00 00 00
0x000000011b8ed4d8:   00 00 00 00 00 00 00 00 8b 04 24 48 83 c4 08 8b
0x000000011b8ed4e8:   c8 8b 04 24 48 83 c4 08 81 f8 00 00 00 80 0f 85
0x000000011b8ed4f8:   0b 00 00 00 33 d2 83 f9 ff 0f 84 03 00 00 00 99
0x000000011b8ed508:   f7 f9 41 0f b6 5d 01 49 ff c5 49 ba 50 6f 97 11
0x000000011b8ed518:   01 00 00 00 41 ff 24 da 80 00 00 00 00 00 00 00
0x000000011b8ed528:   ce f6 79 11 01 00 00 00 6d 00 00 00 00 00 00 00
0x000000011b8ed538:   00 00 00 00 00 00 00 00 48 8b 04 24 48 83 c4 10
0x000000011b8ed548:   48 8b c8 48 8b 04 24 48 83 c4 10 48 85 c9 0f 84
0x000000011b8ed558:   b3 98 ff ff 48 3b 05 3d b7 f2 f5 0f 85 0c 00 00
0x000000011b8ed568:   00 33 d2 48 83 f9 ff 0f 84 05 00 00 00 48 99 48
0x000000011b8ed578:   f7 f9 41 0f b6 5d 01 49 ff c5 49 ba 50 77 97 11
0x000000011b8ed588:   01 00 00 00 41 ff 24 da 00 00 00 00 00 00 00 00
0x000000011b8ed598:   00 00 00 00 00 00 00 00 60 00 00 00 00 00 00 00
0x000000011b8ed5a8:   d3 f6 79 11 01 00 00 00 6e 00 00 00 00 00 00 00
0x000000011b8ed5b8:   00 00 00 00 00 00 00 00 f3 0f 10 04 24 48 83 c4
0x000000011b8ed5c8:   08 0f 28 c8 f3 0f 10 04 24 48 83 c4 08 f3 0f 5e
0x000000011b8ed5d8:   c1 41 0f b6 5d 01 49 ff c5 49 ba 50 7f 97 11 01
0x000000011b8ed5e8:   00 00 00 41 ff 24 da 90 00 00 00 00 00 00 00 00
0x000000011b8ed5f8:   00 00 00 00 00 00 00 00 60 00 00 00 00 00 00 00 


Stack slot to memory mapping:
stack at sp + 0 slots: 0x000000030eefa190 is pointing into the stack for thread: 0x00007fc7729c6000
stack at sp + 1 slots: 0x00000001318db091 is pointing into metadata
stack at sp + 2 slots: 0x000000030eefa228 is pointing into the stack for thread: 0x00007fc7729c6000
stack at sp + 3 slots: 0x0000000131910040 is pointing into metadata
stack at sp + 4 slots: 0x0 is NULL
stack at sp + 5 slots: 0x0000000787f4d4b0 is an oop: java.lang.Class 
{0x0000000787f4d4b0} - klass: 'java/lang/Class'
stack at sp + 6 slots: {method} {0x00000001318db158} 'logicalToPhysical' '(Ljava/awt/Point;)Ljava/awt/Point;' in 'MainPanel'
stack at sp + 7 slots: 0x0 is NULL

idiv  108 idiv  [0x000000011b8ed4e0, 0x000000011b8ed520]  64 bytes
[MachCode]
  0x000000011b8ed4e0: 8b04 2448 | 83c4 088b | c88b 0424 | 4883 c408 | 81f8 0000 | 0080 0f85 | 0b00 0000 | 33d2 83f9 
  0x000000011b8ed500: ff0f 8403 | 0000 0099 | f7f9 410f | b65d 0149 | ffc5 49ba | 506f 9711 | 0100 0000 | 41ff 24da 
[/MachCode]

---------------  P R O C E S S  ---------------

Threads class SMR info:
_java_thread_list=0x00007fc7556b4050, length=15, elements={
0x00007fc772071000, 0x00007fc772074000, 0x00007fc77207a000, 0x00007fc77207d000,
0x00007fc77207e000, 0x00007fc772808800, 0x00007fc772811000, 0x00007fc772062000,
0x00007fc772814000, 0x00007fc772135800, 0x00007fc773154800, 0x00007fc773159000,
0x00007fc752011800, 0x00007fc7729c6000, 0x00007fc7722ac000
}

Java Threads: ( => current thread )
  0x00007fc772071000 JavaThread "Reference Handler" daemon [_thread_blocked, id=14851, stack(0x000000030dc99000,0x000000030dd99000)]
  0x00007fc772074000 JavaThread "Finalizer" daemon [_thread_blocked, id=15363, stack(0x000000030dd9c000,0x000000030de9c000)]
  0x00007fc77207a000 JavaThread "Signal Dispatcher" daemon [_thread_blocked, id=23555, stack(0x000000030dfaf000,0x000000030e0af000)]
  0x00007fc77207d000 JavaThread "Service Thread" daemon [_thread_blocked, id=24067, stack(0x000000030e0b2000,0x000000030e1b2000)]
  0x00007fc77207e000 JavaThread "C2 CompilerThread0" daemon [_thread_blocked, id=24835, stack(0x000000030e1b5000,0x000000030e2b5000)]
  0x00007fc772808800 JavaThread "C1 CompilerThread0" daemon [_thread_blocked, id=40451, stack(0x000000030e2b8000,0x000000030e3b8000)]
  0x00007fc772811000 JavaThread "Sweeper thread" daemon [_thread_blocked, id=39683, stack(0x000000030e3bb000,0x000000030e4bb000)]
  0x00007fc772062000 JavaThread "Notification Thread" daemon [_thread_blocked, id=38659, stack(0x000000030e4be000,0x000000030e5be000)]
  0x00007fc772814000 JavaThread "Common-Cleaner" daemon [_thread_blocked, id=27139, stack(0x000000030e6c4000,0x000000030e7c4000)]
  0x00007fc772135800 JavaThread "AppKit Thread" daemon [_thread_in_native, id=515, stack(0x000000030cd01000,0x000000030d501000)]
  0x00007fc773154800 JavaThread "AWT-Shutdown" [_thread_blocked, id=45315, stack(0x000000030e7c7000,0x000000030e8c7000)]
  0x00007fc773159000 JavaThread "Java2D Queue Flusher" daemon [_thread_blocked, id=55811, stack(0x000000030ebf6000,0x000000030ecf6000)]
  0x00007fc752011800 JavaThread "Java2D Disposer" daemon [_thread_blocked, id=71687, stack(0x000000030ecf9000,0x000000030edf9000)]
=>0x00007fc7729c6000 JavaThread "AWT-EventQueue-0" [_thread_in_Java, id=61699, stack(0x000000030edfc000,0x000000030eefc000)]
  0x00007fc7722ac000 JavaThread "DestroyJavaVM" [_thread_blocked, id=7683, stack(0x000000030d584000,0x000000030d684000)]

Other Threads:
  0x00007fc773076800 VMThread "VM Thread" [stack: 0x000000030db96000,0x000000030dc96000] [id=14339]
  0x00007fc77207b000 WatcherThread [stack: 0x000000030e5c1000,0x000000030e6c1000] [id=26643]
  0x00007fc772035800 GCTaskThread "GC Thread#0" [stack: 0x000000030d687000,0x000000030d787000] [id=17667]
  0x00007fc772046800 ConcurrentGCThread "G1 Main Marker" [stack: 0x000000030d78a000,0x000000030d88a000] [id=17155]
  0x00007fc772047000 ConcurrentGCThread "G1 Conc#0" [stack: 0x000000030d88d000,0x000000030d98d000] [id=13315]
  0x00007fc773072000 ConcurrentGCThread "G1 Refine#0" [stack: 0x000000030d990000,0x000000030da90000] [id=13827]
  0x00007fc773072800 ConcurrentGCThread "G1 Young RemSet Sampling" [stack: 0x000000030da93000,0x000000030db93000] [id=14083]

Threads with active compile tasks:

VM state:not at safepoint (normal execution)

VM Mutex/Monitor currently owned by a thread: None

Heap address: 0x0000000780000000, size: 2048 MB, Compressed Oops mode: Zero based, Oop shift amount: 3
Narrow klass base: 0x0000000800000000, Narrow klass shift: 3
Compressed class space size: 1073741824 Address: 0x0000000800b05000

Heap:
 garbage-first heap   total 133120K, used 5936K [0x0000000780000000, 0x0000000800000000)
  region size 1024K, 6 young (6144K), 0 survivors (0K)
 Metaspace       used 6785K, capacity 7012K, committed 7168K, reserved 1056768K
  class space    used 843K, capacity 944K, committed 1024K, reserved 1048576K
Heap Regions: E=young(eden), S=young(survivor), O=old, HS=humongous(starts), HC=humongous(continues), CS=collection set, F=free, OA=open archive, CA=closed archive, TAMS=top-at-mark-start (previous, next)
|   0|0x0000000780000000, 0x0000000780000000, 0x0000000780100000|  0%| F|  |TAMS 0x0000000780000000, 0x0000000780000000| Untracked 
|   1|0x0000000780100000, 0x0000000780100000, 0x0000000780200000|  0%| F|  |TAMS 0x0000000780100000, 0x0000000780100000| Untracked 
|   2|0x0000000780200000, 0x0000000780200000, 0x0000000780300000|  0%| F|  |TAMS 0x0000000780200000, 0x0000000780200000| Untracked 
|   3|0x0000000780300000, 0x0000000780300000, 0x0000000780400000|  0%| F|  |TAMS 0x0000000780300000, 0x0000000780300000| Untracked 
|   4|0x0000000780400000, 0x0000000780400000, 0x0000000780500000|  0%| F|  |TAMS 0x0000000780400000, 0x0000000780400000| Untracked 
|   5|0x0000000780500000, 0x0000000780500000, 0x0000000780600000|  0%| F|  |TAMS 0x0000000780500000, 0x0000000780500000| Untracked 
|   6|0x0000000780600000, 0x0000000780600000, 0x0000000780700000|  0%| F|  |TAMS 0x0000000780600000, 0x0000000780600000| Untracked 
|   7|0x0000000780700000, 0x0000000780700000, 0x0000000780800000|  0%| F|  |TAMS 0x0000000780700000, 0x0000000780700000| Untracked 
|   8|0x0000000780800000, 0x0000000780800000, 0x0000000780900000|  0%| F|  |TAMS 0x0000000780800000, 0x0000000780800000| Untracked 
|   9|0x0000000780900000, 0x0000000780900000, 0x0000000780a00000|  0%| F|  |TAMS 0x0000000780900000, 0x0000000780900000| Untracked 
|  10|0x0000000780a00000, 0x0000000780a00000, 0x0000000780b00000|  0%| F|  |TAMS 0x0000000780a00000, 0x0000000780a00000| Untracked 
|  11|0x0000000780b00000, 0x0000000780b00000, 0x0000000780c00000|  0%| F|  |TAMS 0x0000000780b00000, 0x0000000780b00000| Untracked 
|  12|0x0000000780c00000, 0x0000000780c00000, 0x0000000780d00000|  0%| F|  |TAMS 0x0000000780c00000, 0x0000000780c00000| Untracked 
|  13|0x0000000780d00000, 0x0000000780d00000, 0x0000000780e00000|  0%| F|  |TAMS 0x0000000780d00000, 0x0000000780d00000| Untracked 
|  14|0x0000000780e00000, 0x0000000780e00000, 0x0000000780f00000|  0%| F|  |TAMS 0x0000000780e00000, 0x0000000780e00000| Untracked 
|  15|0x0000000780f00000, 0x0000000780f00000, 0x0000000781000000|  0%| F|  |TAMS 0x0000000780f00000, 0x0000000780f00000| Untracked 
|  16|0x0000000781000000, 0x0000000781000000, 0x0000000781100000|  0%| F|  |TAMS 0x0000000781000000, 0x0000000781000000| Untracked 
|  17|0x0000000781100000, 0x0000000781100000, 0x0000000781200000|  0%| F|  |TAMS 0x0000000781100000, 0x0000000781100000| Untracked 
|  18|0x0000000781200000, 0x0000000781200000, 0x0000000781300000|  0%| F|  |TAMS 0x0000000781200000, 0x0000000781200000| Untracked 
|  19|0x0000000781300000, 0x0000000781300000, 0x0000000781400000|  0%| F|  |TAMS 0x0000000781300000, 0x0000000781300000| Untracked 
|  20|0x0000000781400000, 0x0000000781400000, 0x0000000781500000|  0%| F|  |TAMS 0x0000000781400000, 0x0000000781400000| Untracked 
|  21|0x0000000781500000, 0x0000000781500000, 0x0000000781600000|  0%| F|  |TAMS 0x0000000781500000, 0x0000000781500000| Untracked 
|  22|0x0000000781600000, 0x0000000781600000, 0x0000000781700000|  0%| F|  |TAMS 0x0000000781600000, 0x0000000781600000| Untracked 
|  23|0x0000000781700000, 0x0000000781700000, 0x0000000781800000|  0%| F|  |TAMS 0x0000000781700000, 0x0000000781700000| Untracked 
|  24|0x0000000781800000, 0x0000000781800000, 0x0000000781900000|  0%| F|  |TAMS 0x0000000781800000, 0x0000000781800000| Untracked 
|  25|0x0000000781900000, 0x0000000781900000, 0x0000000781a00000|  0%| F|  |TAMS 0x0000000781900000, 0x0000000781900000| Untracked 
|  26|0x0000000781a00000, 0x0000000781a00000, 0x0000000781b00000|  0%| F|  |TAMS 0x0000000781a00000, 0x0000000781a00000| Untracked 
|  27|0x0000000781b00000, 0x0000000781b00000, 0x0000000781c00000|  0%| F|  |TAMS 0x0000000781b00000, 0x0000000781b00000| Untracked 
|  28|0x0000000781c00000, 0x0000000781c00000, 0x0000000781d00000|  0%| F|  |TAMS 0x0000000781c00000, 0x0000000781c00000| Untracked 
|  29|0x0000000781d00000, 0x0000000781d00000, 0x0000000781e00000|  0%| F|  |TAMS 0x0000000781d00000, 0x0000000781d00000| Untracked 
|  30|0x0000000781e00000, 0x0000000781e00000, 0x0000000781f00000|  0%| F|  |TAMS 0x0000000781e00000, 0x0000000781e00000| Untracked 
|  31|0x0000000781f00000, 0x0000000781f00000, 0x0000000782000000|  0%| F|  |TAMS 0x0000000781f00000, 0x0000000781f00000| Untracked 
|  32|0x0000000782000000, 0x0000000782000000, 0x0000000782100000|  0%| F|  |TAMS 0x0000000782000000, 0x0000000782000000| Untracked 
|  33|0x0000000782100000, 0x0000000782100000, 0x0000000782200000|  0%| F|  |TAMS 0x0000000782100000, 0x0000000782100000| Untracked 
|  34|0x0000000782200000, 0x0000000782200000, 0x0000000782300000|  0%| F|  |TAMS 0x0000000782200000, 0x0000000782200000| Untracked 
|  35|0x0000000782300000, 0x0000000782300000, 0x0000000782400000|  0%| F|  |TAMS 0x0000000782300000, 0x0000000782300000| Untracked 
|  36|0x0000000782400000, 0x0000000782400000, 0x0000000782500000|  0%| F|  |TAMS 0x0000000782400000, 0x0000000782400000| Untracked 
|  37|0x0000000782500000, 0x0000000782500000, 0x0000000782600000|  0%| F|  |TAMS 0x0000000782500000, 0x0000000782500000| Untracked 
|  38|0x0000000782600000, 0x0000000782600000, 0x0000000782700000|  0%| F|  |TAMS 0x0000000782600000, 0x0000000782600000| Untracked 
|  39|0x0000000782700000, 0x0000000782700000, 0x0000000782800000|  0%| F|  |TAMS 0x0000000782700000, 0x0000000782700000| Untracked 
|  40|0x0000000782800000, 0x0000000782800000, 0x0000000782900000|  0%| F|  |TAMS 0x0000000782800000, 0x0000000782800000| Untracked 
|  41|0x0000000782900000, 0x0000000782900000, 0x0000000782a00000|  0%| F|  |TAMS 0x0000000782900000, 0x0000000782900000| Untracked 
|  42|0x0000000782a00000, 0x0000000782a00000, 0x0000000782b00000|  0%| F|  |TAMS 0x0000000782a00000, 0x0000000782a00000| Untracked 
|  43|0x0000000782b00000, 0x0000000782b00000, 0x0000000782c00000|  0%| F|  |TAMS 0x0000000782b00000, 0x0000000782b00000| Untracked 
|  44|0x0000000782c00000, 0x0000000782c00000, 0x0000000782d00000|  0%| F|  |TAMS 0x0000000782c00000, 0x0000000782c00000| Untracked 
|  45|0x0000000782d00000, 0x0000000782d00000, 0x0000000782e00000|  0%| F|  |TAMS 0x0000000782d00000, 0x0000000782d00000| Untracked 
|  46|0x0000000782e00000, 0x0000000782e00000, 0x0000000782f00000|  0%| F|  |TAMS 0x0000000782e00000, 0x0000000782e00000| Untracked 
|  47|0x0000000782f00000, 0x0000000782f00000, 0x0000000783000000|  0%| F|  |TAMS 0x0000000782f00000, 0x0000000782f00000| Untracked 
|  48|0x0000000783000000, 0x0000000783000000, 0x0000000783100000|  0%| F|  |TAMS 0x0000000783000000, 0x0000000783000000| Untracked 
|  49|0x0000000783100000, 0x0000000783100000, 0x0000000783200000|  0%| F|  |TAMS 0x0000000783100000, 0x0000000783100000| Untracked 
|  50|0x0000000783200000, 0x0000000783200000, 0x0000000783300000|  0%| F|  |TAMS 0x0000000783200000, 0x0000000783200000| Untracked 
|  51|0x0000000783300000, 0x0000000783300000, 0x0000000783400000|  0%| F|  |TAMS 0x0000000783300000, 0x0000000783300000| Untracked 
|  52|0x0000000783400000, 0x0000000783400000, 0x0000000783500000|  0%| F|  |TAMS 0x0000000783400000, 0x0000000783400000| Untracked 
|  53|0x0000000783500000, 0x0000000783500000, 0x0000000783600000|  0%| F|  |TAMS 0x0000000783500000, 0x0000000783500000| Untracked 
|  54|0x0000000783600000, 0x0000000783600000, 0x0000000783700000|  0%| F|  |TAMS 0x0000000783600000, 0x0000000783600000| Untracked 
|  55|0x0000000783700000, 0x0000000783700000, 0x0000000783800000|  0%| F|  |TAMS 0x0000000783700000, 0x0000000783700000| Untracked 
|  56|0x0000000783800000, 0x0000000783800000, 0x0000000783900000|  0%| F|  |TAMS 0x0000000783800000, 0x0000000783800000| Untracked 
|  57|0x0000000783900000, 0x0000000783900000, 0x0000000783a00000|  0%| F|  |TAMS 0x0000000783900000, 0x0000000783900000| Untracked 
|  58|0x0000000783a00000, 0x0000000783a00000, 0x0000000783b00000|  0%| F|  |TAMS 0x0000000783a00000, 0x0000000783a00000| Untracked 
|  59|0x0000000783b00000, 0x0000000783b00000, 0x0000000783c00000|  0%| F|  |TAMS 0x0000000783b00000, 0x0000000783b00000| Untracked 
|  60|0x0000000783c00000, 0x0000000783c00000, 0x0000000783d00000|  0%| F|  |TAMS 0x0000000783c00000, 0x0000000783c00000| Untracked 
|  61|0x0000000783d00000, 0x0000000783d00000, 0x0000000783e00000|  0%| F|  |TAMS 0x0000000783d00000, 0x0000000783d00000| Untracked 
|  62|0x0000000783e00000, 0x0000000783e00000, 0x0000000783f00000|  0%| F|  |TAMS 0x0000000783e00000, 0x0000000783e00000| Untracked 
|  63|0x0000000783f00000, 0x0000000783f00000, 0x0000000784000000|  0%| F|  |TAMS 0x0000000783f00000, 0x0000000783f00000| Untracked 
|  64|0x0000000784000000, 0x0000000784000000, 0x0000000784100000|  0%| F|  |TAMS 0x0000000784000000, 0x0000000784000000| Untracked 
|  65|0x0000000784100000, 0x0000000784100000, 0x0000000784200000|  0%| F|  |TAMS 0x0000000784100000, 0x0000000784100000| Untracked 
|  66|0x0000000784200000, 0x0000000784200000, 0x0000000784300000|  0%| F|  |TAMS 0x0000000784200000, 0x0000000784200000| Untracked 
|  67|0x0000000784300000, 0x0000000784300000, 0x0000000784400000|  0%| F|  |TAMS 0x0000000784300000, 0x0000000784300000| Untracked 
|  68|0x0000000784400000, 0x0000000784400000, 0x0000000784500000|  0%| F|  |TAMS 0x0000000784400000, 0x0000000784400000| Untracked 
|  69|0x0000000784500000, 0x0000000784500000, 0x0000000784600000|  0%| F|  |TAMS 0x0000000784500000, 0x0000000784500000| Untracked 
|  70|0x0000000784600000, 0x0000000784600000, 0x0000000784700000|  0%| F|  |TAMS 0x0000000784600000, 0x0000000784600000| Untracked 
|  71|0x0000000784700000, 0x0000000784700000, 0x0000000784800000|  0%| F|  |TAMS 0x0000000784700000, 0x0000000784700000| Untracked 
|  72|0x0000000784800000, 0x0000000784800000, 0x0000000784900000|  0%| F|  |TAMS 0x0000000784800000, 0x0000000784800000| Untracked 
|  73|0x0000000784900000, 0x0000000784900000, 0x0000000784a00000|  0%| F|  |TAMS 0x0000000784900000, 0x0000000784900000| Untracked 
|  74|0x0000000784a00000, 0x0000000784a00000, 0x0000000784b00000|  0%| F|  |TAMS 0x0000000784a00000, 0x0000000784a00000| Untracked 
|  75|0x0000000784b00000, 0x0000000784b00000, 0x0000000784c00000|  0%| F|  |TAMS 0x0000000784b00000, 0x0000000784b00000| Untracked 
|  76|0x0000000784c00000, 0x0000000784c00000, 0x0000000784d00000|  0%| F|  |TAMS 0x0000000784c00000, 0x0000000784c00000| Untracked 
|  77|0x0000000784d00000, 0x0000000784d00000, 0x0000000784e00000|  0%| F|  |TAMS 0x0000000784d00000, 0x0000000784d00000| Untracked 
|  78|0x0000000784e00000, 0x0000000784e00000, 0x0000000784f00000|  0%| F|  |TAMS 0x0000000784e00000, 0x0000000784e00000| Untracked 
|  79|0x0000000784f00000, 0x0000000784f00000, 0x0000000785000000|  0%| F|  |TAMS 0x0000000784f00000, 0x0000000784f00000| Untracked 
|  80|0x0000000785000000, 0x0000000785000000, 0x0000000785100000|  0%| F|  |TAMS 0x0000000785000000, 0x0000000785000000| Untracked 
|  81|0x0000000785100000, 0x0000000785100000, 0x0000000785200000|  0%| F|  |TAMS 0x0000000785100000, 0x0000000785100000| Untracked 
|  82|0x0000000785200000, 0x0000000785200000, 0x0000000785300000|  0%| F|  |TAMS 0x0000000785200000, 0x0000000785200000| Untracked 
|  83|0x0000000785300000, 0x0000000785300000, 0x0000000785400000|  0%| F|  |TAMS 0x0000000785300000, 0x0000000785300000| Untracked 
|  84|0x0000000785400000, 0x0000000785400000, 0x0000000785500000|  0%| F|  |TAMS 0x0000000785400000, 0x0000000785400000| Untracked 
|  85|0x0000000785500000, 0x0000000785500000, 0x0000000785600000|  0%| F|  |TAMS 0x0000000785500000, 0x0000000785500000| Untracked 
|  86|0x0000000785600000, 0x0000000785600000, 0x0000000785700000|  0%| F|  |TAMS 0x0000000785600000, 0x0000000785600000| Untracked 
|  87|0x0000000785700000, 0x0000000785700000, 0x0000000785800000|  0%| F|  |TAMS 0x0000000785700000, 0x0000000785700000| Untracked 
|  88|0x0000000785800000, 0x0000000785800000, 0x0000000785900000|  0%| F|  |TAMS 0x0000000785800000, 0x0000000785800000| Untracked 
|  89|0x0000000785900000, 0x0000000785900000, 0x0000000785a00000|  0%| F|  |TAMS 0x0000000785900000, 0x0000000785900000| Untracked 
|  90|0x0000000785a00000, 0x0000000785a00000, 0x0000000785b00000|  0%| F|  |TAMS 0x0000000785a00000, 0x0000000785a00000| Untracked 
|  91|0x0000000785b00000, 0x0000000785b00000, 0x0000000785c00000|  0%| F|  |TAMS 0x0000000785b00000, 0x0000000785b00000| Untracked 
|  92|0x0000000785c00000, 0x0000000785c00000, 0x0000000785d00000|  0%| F|  |TAMS 0x0000000785c00000, 0x0000000785c00000| Untracked 
|  93|0x0000000785d00000, 0x0000000785d00000, 0x0000000785e00000|  0%| F|  |TAMS 0x0000000785d00000, 0x0000000785d00000| Untracked 
|  94|0x0000000785e00000, 0x0000000785e00000, 0x0000000785f00000|  0%| F|  |TAMS 0x0000000785e00000, 0x0000000785e00000| Untracked 
|  95|0x0000000785f00000, 0x0000000785f00000, 0x0000000786000000|  0%| F|  |TAMS 0x0000000785f00000, 0x0000000785f00000| Untracked 
|  96|0x0000000786000000, 0x0000000786000000, 0x0000000786100000|  0%| F|  |TAMS 0x0000000786000000, 0x0000000786000000| Untracked 
|  97|0x0000000786100000, 0x0000000786100000, 0x0000000786200000|  0%| F|  |TAMS 0x0000000786100000, 0x0000000786100000| Untracked 
|  98|0x0000000786200000, 0x0000000786200000, 0x0000000786300000|  0%| F|  |TAMS 0x0000000786200000, 0x0000000786200000| Untracked 
|  99|0x0000000786300000, 0x0000000786300000, 0x0000000786400000|  0%| F|  |TAMS 0x0000000786300000, 0x0000000786300000| Untracked 
| 100|0x0000000786400000, 0x0000000786400000, 0x0000000786500000|  0%| F|  |TAMS 0x0000000786400000, 0x0000000786400000| Untracked 
| 101|0x0000000786500000, 0x0000000786500000, 0x0000000786600000|  0%| F|  |TAMS 0x0000000786500000, 0x0000000786500000| Untracked 
| 102|0x0000000786600000, 0x0000000786600000, 0x0000000786700000|  0%| F|  |TAMS 0x0000000786600000, 0x0000000786600000| Untracked 
| 103|0x0000000786700000, 0x0000000786700000, 0x0000000786800000|  0%| F|  |TAMS 0x0000000786700000, 0x0000000786700000| Untracked 
| 104|0x0000000786800000, 0x0000000786800000, 0x0000000786900000|  0%| F|  |TAMS 0x0000000786800000, 0x0000000786800000| Untracked 
| 105|0x0000000786900000, 0x0000000786900000, 0x0000000786a00000|  0%| F|  |TAMS 0x0000000786900000, 0x0000000786900000| Untracked 
| 106|0x0000000786a00000, 0x0000000786a00000, 0x0000000786b00000|  0%| F|  |TAMS 0x0000000786a00000, 0x0000000786a00000| Untracked 
| 107|0x0000000786b00000, 0x0000000786b00000, 0x0000000786c00000|  0%| F|  |TAMS 0x0000000786b00000, 0x0000000786b00000| Untracked 
| 108|0x0000000786c00000, 0x0000000786c00000, 0x0000000786d00000|  0%| F|  |TAMS 0x0000000786c00000, 0x0000000786c00000| Untracked 
| 109|0x0000000786d00000, 0x0000000786d00000, 0x0000000786e00000|  0%| F|  |TAMS 0x0000000786d00000, 0x0000000786d00000| Untracked 
| 110|0x0000000786e00000, 0x0000000786e00000, 0x0000000786f00000|  0%| F|  |TAMS 0x0000000786e00000, 0x0000000786e00000| Untracked 
| 111|0x0000000786f00000, 0x0000000786f00000, 0x0000000787000000|  0%| F|  |TAMS 0x0000000786f00000, 0x0000000786f00000| Untracked 
| 112|0x0000000787000000, 0x0000000787000000, 0x0000000787100000|  0%| F|  |TAMS 0x0000000787000000, 0x0000000787000000| Untracked 
| 113|0x0000000787100000, 0x0000000787100000, 0x0000000787200000|  0%| F|  |TAMS 0x0000000787100000, 0x0000000787100000| Untracked 
| 114|0x0000000787200000, 0x0000000787200000, 0x0000000787300000|  0%| F|  |TAMS 0x0000000787200000, 0x0000000787200000| Untracked 
| 115|0x0000000787300000, 0x0000000787300000, 0x0000000787400000|  0%| F|  |TAMS 0x0000000787300000, 0x0000000787300000| Untracked 
| 116|0x0000000787400000, 0x0000000787400000, 0x0000000787500000|  0%| F|  |TAMS 0x0000000787400000, 0x0000000787400000| Untracked 
| 117|0x0000000787500000, 0x0000000787500000, 0x0000000787600000|  0%| F|  |TAMS 0x0000000787500000, 0x0000000787500000| Untracked 
| 118|0x0000000787600000, 0x0000000787600000, 0x0000000787700000|  0%| F|  |TAMS 0x0000000787600000, 0x0000000787600000| Untracked 
| 119|0x0000000787700000, 0x0000000787700000, 0x0000000787800000|  0%| F|  |TAMS 0x0000000787700000, 0x0000000787700000| Untracked 
| 120|0x0000000787800000, 0x0000000787800000, 0x0000000787900000|  0%| F|  |TAMS 0x0000000787800000, 0x0000000787800000| Untracked 
| 121|0x0000000787900000, 0x0000000787900000, 0x0000000787a00000|  0%| F|  |TAMS 0x0000000787900000, 0x0000000787900000| Untracked 
| 122|0x0000000787a00000, 0x0000000787a76440, 0x0000000787b00000| 46%| E|  |TAMS 0x0000000787a00000, 0x0000000787a00000| Complete 
| 123|0x0000000787b00000, 0x0000000787c00000, 0x0000000787c00000|100%| E|CS|TAMS 0x0000000787b00000, 0x0000000787b00000| Complete 
| 124|0x0000000787c00000, 0x0000000787d00000, 0x0000000787d00000|100%| E|CS|TAMS 0x0000000787c00000, 0x0000000787c00000| Complete 
| 125|0x0000000787d00000, 0x0000000787e00000, 0x0000000787e00000|100%| E|CS|TAMS 0x0000000787d00000, 0x0000000787d00000| Complete 
| 126|0x0000000787e00000, 0x0000000787f00000, 0x0000000787f00000|100%| E|CS|TAMS 0x0000000787e00000, 0x0000000787e00000| Complete 
| 127|0x0000000787f00000, 0x0000000788000000, 0x0000000788000000|100%| E|CS|TAMS 0x0000000787f00000, 0x0000000787f00000| Complete 
|1022|0x00000007bfe00000, 0x00000007bfe51000, 0x00000007bff00000| 31%|OA|  |TAMS 0x00000007bfe00000, 0x00000007bfe00000| Untracked 
|1023|0x00000007bff00000, 0x00000007bff7b000, 0x00000007c0000000| 48%|CA|  |TAMS 0x00000007bff00000, 0x00000007bff00000| Untracked 

Card table byte_map: [0x000000012acd9000,0x000000012b0d9000] _byte_map_base: 0x00000001270d9000

Marking Bits (Prev, Next): (CMBitMap*) 0x00007fc772035e18, (CMBitMap*) 0x00007fc772035e58
 Prev Bits: [0x000000012b4d9000, 0x000000012d4d9000)
 Next Bits: [0x000000012d4d9000, 0x000000012f4d9000)

Polling page: 0x00000001048f1000

Metaspace:

Usage:
  Non-class:      5.93 MB capacity,     5.80 MB ( 98%) used,   107.25 KB (  2%) free+waste,    19.25 KB ( <1%) overhead. 
      Class:    944.00 KB capacity,   843.82 KB ( 89%) used,    86.74 KB (  9%) free+waste,    13.44 KB (  1%) overhead. 
       Both:      6.85 MB capacity,     6.63 MB ( 97%) used,   193.99 KB (  3%) free+waste,    32.69 KB ( <1%) overhead. 

Virtual space:
  Non-class space:        8.00 MB reserved,       6.00 MB ( 75%) committed 
      Class space:        1.00 GB reserved,       1.00 MB ( <1%) committed 
             Both:        1.01 GB reserved,       7.00 MB ( <1%) committed 

Chunk freelists:
   Non-Class:  40.00 KB
       Class:  0 bytes
        Both:  40.00 KB

MaxMetaspaceSize: unlimited
CompressedClassSpaceSize: 1.00 GB

CodeHeap 'non-profiled nmethods': size=120028Kb used=190Kb max_used=190Kb free=119837Kb
 bounds [0x00000001233a2000, 0x0000000123612000, 0x000000012a8d9000]
CodeHeap 'profiled nmethods': size=120028Kb used=977Kb max_used=977Kb free=119050Kb
 bounds [0x000000011be6b000, 0x000000011c0db000, 0x00000001233a2000]
CodeHeap 'non-nmethods': size=5704Kb used=1283Kb max_used=1297Kb free=4420Kb
 bounds [0x000000011b8d9000, 0x000000011bb49000, 0x000000011be6b000]
 total_blobs=1237 nmethods=657 adapters=495
 compilation: enabled
              stopped_count=0, restarted_count=0
 full_count=0

Compilation events (20 events):
Event: 1.619 Thread 0x00007fc772808800 nmethod 647 0x000000011bf5be10 code [0x000000011bf5bfe0, 0x000000011bf5c3d0]
Event: 1.619 Thread 0x00007fc772808800  646       3       java.util.Arrays::binarySearch (10 bytes)
Event: 1.619 Thread 0x00007fc772808800 nmethod 646 0x000000011bf5c590 code [0x000000011bf5c720, 0x000000011bf5c840]
Event: 1.622 Thread 0x00007fc772808800  648       3       java.lang.Double::isNaN (12 bytes)
Event: 1.623 Thread 0x00007fc772808800 nmethod 648 0x000000011bf5c910 code [0x000000011bf5caa0, 0x000000011bf5cbf0]
Event: 1.623 Thread 0x00007fc772808800  649       3       javax.swing.ArrayTable::isArray (8 bytes)
Event: 1.623 Thread 0x00007fc772808800 nmethod 649 0x000000011bf5cc90 code [0x000000011bf5ce20, 0x000000011bf5d050]
Event: 1.624 Thread 0x00007fc772808800  650       3       java.lang.Double::doubleToLongBits (16 bytes)
Event: 1.624 Thread 0x00007fc772808800 nmethod 650 0x000000011bf5d110 code [0x000000011bf5d2a0, 0x000000011bf5d4d0]
Event: 1.630 Thread 0x00007fc772808800  652       3       javax.swing.ArrayTable::get (80 bytes)
Event: 1.630 Thread 0x00007fc772808800 nmethod 652 0x000000011bf5d590 code [0x000000011bf5d780, 0x000000011bf5dfb0]
Event: 1.630 Thread 0x00007fc772808800  653   !   3       javax.swing.JComponent::getClientProperty (56 bytes)
Event: 1.631 Thread 0x00007fc772808800 nmethod 653 0x000000011bf5e190 code [0x000000011bf5e340, 0x000000011bf5e780]
Event: 1.635 Thread 0x00007fc772808800  654       3       java.util.concurrent.locks.AbstractQueuedSynchronizer::compareAndSetState (13 bytes)
Event: 1.635 Thread 0x00007fc772808800 nmethod 654 0x000000011bf5e910 code [0x000000011bf5eaa0, 0x000000011bf5ebd0]
Event: 1.637 Thread 0x00007fc772808800  655       3       java.awt.geom.Rectangle2D::<init> (5 bytes)
Event: 1.638 Thread 0x00007fc772808800 nmethod 655 0x000000011bf5ec90 code [0x000000011bf5ee20, 0x000000011bf5eff0]
Event: 1.638 Thread 0x00007fc77207e000  657       4       java.util.HashMap::hash (20 bytes)
Event: 1.638 Thread 0x00007fc772808800  656       3       java.awt.geom.RectangularShape::<init> (5 bytes)
Event: 1.638 Thread 0x00007fc772808800 nmethod 656 0x000000011bf5f110 code [0x000000011bf5f2a0, 0x000000011bf5f410]

GC Heap History (0 events):
No events

Deoptimization events (8 events):
Event: 0.695 Thread 0x00007fc773008800 Uncommon trap: trap_request=0xffffff45 fr.pc=0x00000001233c14e8 relative=0x0000000000000068
Event: 0.695 Thread 0x00007fc773008800 Uncommon trap: reason=unstable_if action=reinterpret pc=0x00000001233c14e8 method=java.lang.String.isLatin1()Z @ 10 c2
Event: 0.695 Thread 0x00007fc773008800 DEOPT PACKING pc=0x00000001233c14e8 sp=0x000000030d682140
Event: 0.695 Thread 0x00007fc773008800 DEOPT UNPACKING pc=0x000000011b92211f sp=0x000000030d6820f0 mode 2
Event: 1.204 Thread 0x00007fc773008800 Uncommon trap: trap_request=0xffffff45 fr.pc=0x00000001233cb858 relative=0x0000000000000478
Event: 1.204 Thread 0x00007fc773008800 Uncommon trap: reason=unstable_if action=reinterpret pc=0x00000001233cb858 method=java.lang.StringLatin1.toLowerCase(Ljava/lang/String;[BLjava/util/Locale;)Ljava/lang/String; @ 43 c2
Event: 1.204 Thread 0x00007fc773008800 DEOPT PACKING pc=0x00000001233cb858 sp=0x000000030d682270
Event: 1.204 Thread 0x00007fc773008800 DEOPT UNPACKING pc=0x000000011b92211f sp=0x000000030d682200 mode 2

Classes unloaded (0 events):
No events

Classes redefined (0 events):
No events

Internal exceptions (20 events):
Event: 0.132 Thread 0x00007fc773008800 Exception <a 'java/lang/ClassNotFoundException'{0x0000000787f6c708}: sun/awt/resources/spi/awtProvider> (0x0000000787f6c708) 
thrown [./open/src/hotspot/share/classfile/systemDictionary.cpp, line 226]
Event: 0.166 Thread 0x00007fc773008800 Exception <a 'java/io/FileNotFoundException'{0x0000000787e31550}> (0x0000000787e31550) 
thrown [./open/src/hotspot/share/prims/jni.cpp, line 599]
Event: 0.180 Thread 0x00007fc773008800 Exception <a 'java/io/FileNotFoundException'{0x0000000787e57798}> (0x0000000787e57798) 
thrown [./open/src/hotspot/share/prims/jni.cpp, line 599]
Event: 0.204 Thread 0x00007fc773008800 Exception <a 'java/lang/ClassNotFoundException'{0x0000000787e89bf8}: sun/awt/resources/spi/awtosxProvider> (0x0000000787e89bf8) 
thrown [./open/src/hotspot/share/classfile/systemDictionary.cpp, line 226]
Event: 0.490 Thread 0x00007fc773008800 Exception <a 'java/lang/NoSuchMethodError'{0x0000000787ecb5b0}: 'void java.lang.invoke.DirectMethodHandle$Holder.invokeStaticInit(java.lang.Object)'> (0x0000000787ecb5b0) 
thrown [./open/src/hotspot/share/interpreter/linkResolver.cpp, line 766]
Event: 0.503 Thread 0x00007fc773008800 Exception <a 'java/lang/NoSuchMethodError'{0x0000000787d7b370}: 'java.lang.Object java.lang.invoke.DirectMethodHandle$Holder.invokeStatic(java.lang.Object, int, java.lang.Object, java.lang.Object, java.lang.Object, java.lang.Object)'> (0x0000000787d7b370) 
thrown [./open/src/hotspot/share/interpreter/linkResolver.cpp, line 766]
Event: 0.504 Thread 0x00007fc773008800 Exception <a 'java/lang/NoSuchMethodError'{0x0000000787d81c90}: 'java.lang.Object java.lang.invoke.DirectMethodHandle$Holder.invokeStatic(java.lang.Object, int, java.lang.Object, java.lang.Object, java.lang.Object)'> (0x0000000787d81c90) 
thrown [./open/src/hotspot/share/interpreter/linkResolver.cpp, line 766]
Event: 0.505 Thread 0x00007fc773008800 Exception <a 'java/lang/NoSuchMethodError'{0x0000000787d854e0}: 'java.lang.Object java.lang.invoke.DirectMethodHandle$Holder.invokeSpecial(java.lang.Object, java.lang.Object, int, java.lang.Object, java.lang.Object, java.lang.Object)'> (0x0000000787d854e0) 
thrown [./open/src/hotspot/share/interpreter/linkResolver.cpp, line 766]
Event: 0.509 Thread 0x00007fc773008800 Exception <a 'java/lang/NoSuchMethodError'{0x0000000787d9b858}: 'java.lang.Object java.lang.invoke.DirectMethodHandle$Holder.invokeStatic(java.lang.Object, int, java.lang.Object)'> (0x0000000787d9b858) 
thrown [./open/src/hotspot/share/interpreter/linkResolver.cpp, line 766]
Event: 0.514 Thread 0x00007fc773008800 Exception <a 'java/lang/ClassNotFoundException'{0x0000000787dc8138}: com/apple/laf/resources/spi/aquaProvider> (0x0000000787dc8138) 
thrown [./open/src/hotspot/share/classfile/systemDictionary.cpp, line 226]
Event: 0.537 Thread 0x00007fc773008800 Exception <a 'java/lang/ClassNotFoundException'{0x0000000787c2bbe0}: com/sun/swing/internal/plaf/basic/resources/spi/basicProvider> (0x0000000787c2bbe0) 
thrown [./open/src/hotspot/share/classfile/systemDictionary.cpp, line 226]
Event: 0.588 Thread 0x00007fc773008800 Exception <a 'java/lang/NoSuchMethodError'{0x0000000787c9f518}: 'java.lang.Object java.lang.invoke.Invokers$Holder.linkToTargetMethod(java.lang.Object, java.lang.Object, int, java.lang.Object, java.lang.Object)'> (0x0000000787c9f518) 
thrown [./open/src/hotspot/share/interpreter/linkResolver.cpp, line 766]
Event: 0.605 Thread 0x00007fc773008800 Exception <a 'java/lang/NoSuchMethodError'{0x0000000787ca2b30}: 'void java.lang.invoke.DirectMethodHandle$Holder.invokeStatic(java.lang.Object, int, long)'> (0x0000000787ca2b30) 
thrown [./open/src/hotspot/share/interpreter/linkResolver.cpp, line 766]
Event: 0.607 Thread 0x00007fc773008800 Exception <a 'java/lang/NoSuchMethodError'{0x0000000787ca9e50}: 'void java.lang.invoke.DirectMethodHandle$Holder.invokeSpecial(java.lang.Object, java.lang.Object)'> (0x0000000787ca9e50) 
thrown [./open/src/hotspot/share/interpreter/linkResolver.cpp, line 766]
Event: 0.610 Thread 0x00007fc7729c6000 Exception <a 'java/lang/NoSuchMethodError'{0x0000000787ced300}: 'void java.lang.invoke.DirectMethodHandle$Holder.invokeStatic(java.lang.Object, long)'> (0x0000000787ced300) 
thrown [./open/src/hotspot/share/interpreter/linkResolver.cpp, line 766]
Event: 0.611 Thread 0x00007fc773008800 Exception <a 'java/lang/NoSuchMethodError'{0x0000000787cba820}: 'java.lang.Object java.lang.invoke.Invokers$Holder.linkToTargetMethod(int, int, int, int, java.lang.Object)'> (0x0000000787cba820) 
thrown [./open/src/hotspot/share/interpreter/linkResolver.cpp, line 766]
Event: 0.612 Thread 0x00007fc773008800 Exception <a 'java/lang/NoSuchMethodError'{0x0000000787cbd348}: 'void java.lang.invoke.DirectMethodHandle$Holder.invokeStatic(java.lang.Object, java.lang.Object, long)'> (0x0000000787cbd348) 
thrown [./open/src/hotspot/share/interpreter/linkResolver.cpp, line 766]
Event: 0.620 Thread 0x00007fc772135800 Exception <a 'java/lang/NoSuchMethodError'{0x0000000787d38298}: 'void java.lang.invoke.DirectMethodHandle$Holder.invokeSpecial(java.lang.Object, java.lang.Object, long)'> (0x0000000787d38298) 
thrown [./open/src/hotspot/share/interpreter/linkResolver.cpp, line 766]
Event: 1.588 Thread 0x00007fc773008800 Exception <a 'java/lang/NoSuchMethodError'{0x0000000787b89920}: 'void java.lang.invoke.DirectMethodHandle$Holder.invokeStatic(java.lang.Object, long, long)'> (0x0000000787b89920) 
thrown [./open/src/hotspot/share/interpreter/linkResolver.cpp, line 766]
Event: 1.590 Thread 0x00007fc773008800 Exception <a 'java/lang/NoSuchMethodError'{0x0000000787b97c28}: 'java.lang.Object java.lang.invoke.Invokers$Holder.linkToTargetMethod(java.lang.Object, int, java.lang.Object)'> (0x0000000787b97c28) 
thrown [./open/src/hotspot/share/interpreter/linkResolver.cpp, line 766]

Events (20 events):
Event: 1.623 loading class java/awt/print/PrinterGraphics
Event: 1.623 loading class java/awt/print/PrinterGraphics done
Event: 1.623 loading class java/awt/PrintGraphics
Event: 1.623 loading class java/awt/PrintGraphics done
Event: 1.624 loading class sun/java2d/loops/FontInfo
Event: 1.624 loading class sun/java2d/loops/FontInfo done
Event: 1.626 Executing VM operation: HandshakeOneThread
Event: 1.626 Executing VM operation: HandshakeOneThread done
Event: 1.629 Executing VM operation: HandshakeOneThread
Event: 1.629 Executing VM operation: HandshakeOneThread done
Event: 1.630 Executing VM operation: HandshakeOneThread
Event: 1.630 Executing VM operation: HandshakeOneThread done
Event: 1.635 Executing VM operation: HandshakeOneThread
Event: 1.635 Executing VM operation: HandshakeOneThread done
Event: 1.637 Executing VM operation: HandshakeOneThread
Event: 1.637 Executing VM operation: HandshakeOneThread done
Event: 1.637 Executing VM operation: HandshakeOneThread
Event: 1.637 Executing VM operation: HandshakeOneThread done
Event: 1.637 Executing VM operation: HandshakeOneThread
Event: 1.637 Executing VM operation: HandshakeOneThread done


Dynamic libraries:
0x00007ffdffef9000 	/Library/Apple/usr/libexec/oah/runtime
0x00007fff2a63e000 	/usr/lib/libz.1.dylib
0x000000010cb95000 	/Library/Java/JavaVirtualMachines/jdk-14.0.2.jdk/Contents/Home/lib/libjli.dylib
0x00007fff3526d000 	/System/Library/Frameworks/Cocoa.framework/Versions/A/Cocoa
0x00007fff221b1000 	/System/Library/Frameworks/Security.framework/Versions/A/Security
0x00007fff334c5000 	/System/Library/Frameworks/ApplicationServices.framework/Versions/A/ApplicationServices
0x00007fff2a70a000 	/usr/lib/libSystem.B.dylib
0x00007fff2a704000 	/usr/lib/system/libcache.dylib
0x00007fff2a6c0000 	/usr/lib/system/libcommonCrypto.dylib
0x00007fff2a6ea000 	/usr/lib/system/libcompiler_rt.dylib
0x00007fff2a6df000 	/usr/lib/system/libcopyfile.dylib
0x00007fff20156000 	/usr/lib/system/libcorecrypto.dylib
0x00007fff2021f000 	/usr/lib/system/libdispatch.dylib
0x00007fff203d4000 	/usr/lib/system/libdyld.dylib
0x00007fff2a6fb000 	/usr/lib/system/libkeymgr.dylib
0x00007fff2dc91000 	/usr/lib/system/liblaunch.dylib
0x00007fff2a69e000 	/usr/lib/system/libmacho.dylib
0x00007fff29eb3000 	/usr/lib/system/libquarantine.dylib
0x00007fff2a6f8000 	/usr/lib/system/libremovefile.dylib
0x00007fff24b3c000 	/usr/lib/system/libsystem_asl.dylib
0x00007fff20106000 	/usr/lib/system/libsystem_blocks.dylib
0x00007fff202a1000 	/usr/lib/system/libsystem_c.dylib
0x00007fff2a6f2000 	/usr/lib/system/libsystem_collections.dylib
0x00007fff292a0000 	/usr/lib/system/libsystem_configuration.dylib
0x00007fff2858a000 	/usr/lib/system/libsystem_containermanager.dylib
0x00007fff2a436000 	/usr/lib/system/libsystem_coreservices.dylib
0x00007fff22763000 	/usr/lib/system/libsystem_darwin.dylib
0x00007fff2a6fc000 	/usr/lib/system/libsystem_dnssd.dylib
0x00007fff2029e000 	/usr/lib/system/libsystem_featureflags.dylib
0x00007fff2041a000 	/usr/lib/system/libsystem_info.dylib
0x00007fff2a651000 	/usr/lib/system/libsystem_m.dylib
0x00007fff201f2000 	/usr/lib/system/libsystem_malloc.dylib
0x00007fff24ad0000 	/usr/lib/system/libsystem_networkextension.dylib
0x00007fff22b7d000 	/usr/lib/system/libsystem_notify.dylib
0x00007fff3012f000 	/usr/lib/system/libsystem_product_info_filter.dylib
0x00007fff292a4000 	/usr/lib/system/libsystem_sandbox.dylib
0x00007fff2a6f5000 	/usr/lib/system/libsystem_secinit.dylib
0x00007fff20399000 	/usr/lib/system/libsystem_kernel.dylib
0x00007fff20410000 	/usr/lib/system/libsystem_platform.dylib
0x00007fff203c8000 	/usr/lib/system/libsystem_pthread.dylib
0x00007fff26262000 	/usr/lib/system/libsystem_symptoms.dylib
0x00007fff2013e000 	/usr/lib/system/libsystem_trace.dylib
0x00007fff2a6cc000 	/usr/lib/system/libunwind.dylib
0x00007fff20108000 	/usr/lib/system/libxpc.dylib
0x00007fff20380000 	/usr/lib/libc++abi.dylib
0x00007fff20264000 	/usr/lib/libobjc.A.dylib
0x00007fff2a6d7000 	/usr/lib/liboah.dylib
0x00007fff2032a000 	/usr/lib/libc++.1.dylib
0x00007fff20446000 	/System/Library/Frameworks/CoreFoundation.framework/Versions/A/CoreFoundation
0x00007fff21125000 	/System/Library/Frameworks/Foundation.framework/Versions/C/Foundation
0x00007fff22bd5000 	/System/Library/Frameworks/AppKit.framework/Versions/C/AppKit
0x00007fff25a82000 	/System/Library/Frameworks/CoreData.framework/Versions/A/CoreData
0x00007fff23931000 	/System/Library/PrivateFrameworks/UIFoundation.framework/Versions/A/UIFoundation
0x00007fff2fea8000 	/System/Library/PrivateFrameworks/RemoteViewServices.framework/Versions/A/RemoteViewServices
0x00007fff28c59000 	/System/Library/PrivateFrameworks/XCTTargetBootstrap.framework/Versions/A/XCTTargetBootstrap
0x00007fff2b9a7000 	/usr/lib/libspindump.dylib
0x00007fff23b85000 	/System/Library/Frameworks/UniformTypeIdentifiers.framework/Versions/A/UniformTypeIdentifiers
0x00007fff2742c000 	/usr/lib/libapp_launch_measurement.dylib
0x00007fff2742f000 	/System/Library/PrivateFrameworks/CoreAutoLayout.framework/Versions/A/CoreAutoLayout
0x00007fff285ba000 	/System/Library/Frameworks/Metal.framework/Versions/A/Metal
0x00007fff292af000 	/usr/lib/liblangid.dylib
0x00007fff28c5d000 	/System/Library/PrivateFrameworks/CoreSVG.framework/Versions/A/CoreSVG
0x00007fff24b6b000 	/System/Library/PrivateFrameworks/SkyLight.framework/Versions/A/SkyLight
0x00007fff24eca000 	/System/Library/Frameworks/CoreGraphics.framework/Versions/A/CoreGraphics
0x00007fff304ff000 	/System/Library/Frameworks/Accelerate.framework/Versions/A/Accelerate
0x00007fff2b3e2000 	/System/Library/PrivateFrameworks/IconServices.framework/Versions/A/IconServices
0x00007fff2859b000 	/System/Library/Frameworks/IOSurface.framework/Versions/A/IOSurface
0x00007fff26414000 	/usr/lib/libDiagnosticMessagesClient.dylib
0x00007fff28c45000 	/System/Library/PrivateFrameworks/DFRFoundation.framework/Versions/A/DFRFoundation
0x00007fff22501000 	/usr/lib/libicucore.A.dylib
0x00007fff2cee2000 	/System/Library/Frameworks/AudioToolbox.framework/Versions/A/AudioToolbox
0x00007fff2c18d000 	/System/Library/PrivateFrameworks/DataDetectorsCore.framework/Versions/A/DataDetectorsCore
0x00007fff28945000 	/System/Library/Frameworks/Carbon.framework/Versions/A/Frameworks/HIToolbox.framework/Versions/A/HIToolbox
0x00007fff26e90000 	/System/Library/Frameworks/QuartzCore.framework/Versions/A/QuartzCore
0x00007fff2fee4000 	/System/Library/Frameworks/Carbon.framework/Versions/A/Frameworks/SpeechRecognition.framework/Versions/A/SpeechRecognition
0x00007fff27194000 	/System/Library/PrivateFrameworks/CoreUI.framework/Versions/A/CoreUI
0x00007fff21b0d000 	/System/Library/Frameworks/CoreAudio.framework/Versions/A/CoreAudio
0x00007fff264ff000 	/System/Library/Frameworks/DiskArbitration.framework/Versions/A/DiskArbitration
0x00007fff2bd9f000 	/System/Library/PrivateFrameworks/MultitouchSupport.framework/Versions/A/MultitouchSupport
0x00007fff2c184000 	/System/Library/PrivateFrameworks/InternationalSupport.framework/Versions/A/InternationalSupport
0x00007fff24adf000 	/usr/lib/libenergytrace.dylib
0x00007fff22acf000 	/System/Library/Frameworks/IOKit.framework/Versions/A/IOKit
0x00007fff30231000 	/System/Library/Frameworks/CoreServices.framework/Versions/A/CoreServices
0x00007fff273c2000 	/System/Library/PrivateFrameworks/PerformanceAnalysis.framework/Versions/A/PerformanceAnalysis
0x00007fff6b71f000 	/System/Library/Frameworks/OpenGL.framework/Versions/A/OpenGL
0x00007fff2c209000 	/System/Library/PrivateFrameworks/UserActivity.framework/Versions/A/UserActivity
0x00007fff25584000 	/System/Library/Frameworks/ColorSync.framework/Versions/A/ColorSync
0x00007fff28ec8000 	/System/Library/Frameworks/CoreImage.framework/Versions/A/CoreImage
0x00007fff21923000 	/System/Library/Frameworks/CoreText.framework/Versions/A/CoreText
0x00007fff28c87000 	/System/Library/Frameworks/ImageIO.framework/Versions/A/ImageIO
0x00007fff2a710000 	/System/Library/PrivateFrameworks/SoftLinking.framework/Versions/A/SoftLinking
0x00007fff27477000 	/usr/lib/libxml2.2.dylib
0x00007fff2a982000 	/usr/lib/libcompression.dylib
0x00007fff24ae0000 	/usr/lib/libMobileGestalt.dylib
0x00007fff2c0b7000 	/System/Library/PrivateFrameworks/TextureIO.framework/Versions/A/TextureIO
0x00007fff2b070000 	/usr/lib/libate.dylib
0x00007fff2ad9b000 	/usr/lib/liblzma.5.dylib
0x00007fff20e3b000 	/System/Library/Frameworks/SystemConfiguration.framework/Versions/A/SystemConfiguration
0x00007fff2a70c000 	/usr/lib/libfakelink.dylib
0x00007fff24633000 	/System/Library/Frameworks/CFNetwork.framework/Versions/A/CFNetwork
0x00007fff2a84c000 	/usr/lib/libarchive.2.dylib
0x00007fff20eb8000 	/usr/lib/libCRFSuite.dylib
0x00007fff29eda000 	/usr/lib/libbsm.0.dylib
0x00007fff23fef000 	/usr/lib/libnetwork.dylib
0x00007fff2a711000 	/usr/lib/libpcap.A.dylib
0x00007fff2625b000 	/usr/lib/libdns_services.dylib
0x00007fff2adb4000 	/usr/lib/libcoretls_cfhelpers.dylib
0x00007fff2a950000 	/usr/lib/libapple_nghttp2.dylib
0x00007fff2a6a4000 	/usr/lib/system/libkxld.dylib
0x00007fff25ec9000 	/usr/lib/libsqlite3.dylib
0x00007fff2a418000 	/System/Library/PrivateFrameworks/AppleFSCompression.framework/Versions/A/AppleFSCompression
0x00007fff29ec2000 	/usr/lib/libcoretls.dylib
0x00007fff2a97d000 	/usr/lib/libpam.2.dylib
0x00007fff2aeb1000 	/usr/lib/libxar.1.dylib
0x00007fff292ab000 	/System/Library/PrivateFrameworks/AppleSystemInfo.framework/Versions/A/AppleSystemInfo
0x00007fff29b05000 	/System/Library/PrivateFrameworks/IOMobileFramebuffer.framework/Versions/A/IOMobileFramebuffer
0x00007fff2a428000 	/usr/lib/libbz2.1.0.dylib
0x00007fff2a749000 	/usr/lib/libiconv.2.dylib
0x00007fff2a69d000 	/usr/lib/libcharset.1.dylib
0x00007fff273fe000 	/System/Library/Frameworks/CoreServices.framework/Versions/A/Frameworks/FSEvents.framework/Versions/A/FSEvents
0x00007fff2276d000 	/System/Library/Frameworks/CoreServices.framework/Versions/A/Frameworks/CarbonCore.framework/Versions/A/CarbonCore
0x00007fff26464000 	/System/Library/Frameworks/CoreServices.framework/Versions/A/Frameworks/Metadata.framework/Versions/A/Metadata
0x00007fff2a43b000 	/System/Library/Frameworks/CoreServices.framework/Versions/A/Frameworks/OSServices.framework/Versions/A/OSServices
0x00007fff2a8be000 	/System/Library/Frameworks/CoreServices.framework/Versions/A/Frameworks/SearchKit.framework/Versions/A/SearchKit
0x00007fff261e5000 	/System/Library/Frameworks/CoreServices.framework/Versions/A/Frameworks/AE.framework/Versions/A/AE
0x00007fff208e2000 	/System/Library/Frameworks/CoreServices.framework/Versions/A/Frameworks/LaunchServices.framework/Versions/A/LaunchServices
0x00007fff2ad4c000 	/System/Library/Frameworks/CoreServices.framework/Versions/A/Frameworks/DictionaryServices.framework/Versions/A/DictionaryServices
0x00007fff27407000 	/System/Library/Frameworks/CoreServices.framework/Versions/A/Frameworks/SharedFileList.framework/Versions/A/SharedFileList
0x00007fff29eb6000 	/usr/lib/libCheckFix.dylib
0x00007fff24b53000 	/System/Library/PrivateFrameworks/TCC.framework/Versions/A/TCC
0x00007fff292b1000 	/System/Library/PrivateFrameworks/CoreNLP.framework/Versions/A/CoreNLP
0x00007fff26417000 	/System/Library/PrivateFrameworks/MetadataUtilities.framework/Versions/A/MetadataUtilities
0x00007fff20eee000 	/usr/lib/libmecabra.dylib
0x00007fff2a1ca000 	/System/Library/Frameworks/MLCompute.framework/Versions/A/MLCompute
0x00007fff29eeb000 	/usr/lib/libmecab.dylib
0x00007fff29f35000 	/usr/lib/libgermantok.dylib
0x00007fff2a926000 	/usr/lib/libThaiTokenizer.dylib
0x00007fff2aeec000 	/usr/lib/libChineseTokenizer.dylib
0x00007fff2a97b000 	/System/Library/Frameworks/MetalPerformanceShaders.framework/Versions/A/MetalPerformanceShaders
0x00007fff26506000 	/System/Library/Frameworks/Accelerate.framework/Versions/A/Frameworks/vImage.framework/Versions/A/vImage
0x00007fff3020a000 	/System/Library/Frameworks/Accelerate.framework/Versions/A/Frameworks/vecLib.framework/Versions/A/vecLib
0x00007fff2aef7000 	/System/Library/Frameworks/Accelerate.framework/Versions/A/Frameworks/vecLib.framework/Versions/A/libvMisc.dylib
0x00007fff29961000 	/System/Library/Frameworks/Accelerate.framework/Versions/A/Frameworks/vecLib.framework/Versions/A/libvDSP.dylib
0x00007fff20be5000 	/System/Library/Frameworks/Accelerate.framework/Versions/A/Frameworks/vecLib.framework/Versions/A/libBLAS.dylib
0x00007fff2a9a1000 	/System/Library/Frameworks/Accelerate.framework/Versions/A/Frameworks/vecLib.framework/Versions/A/libLAPACK.dylib
0x00007fff29f3b000 	/System/Library/Frameworks/Accelerate.framework/Versions/A/Frameworks/vecLib.framework/Versions/A/libLinearAlgebra.dylib
0x00007fff2a968000 	/System/Library/Frameworks/Accelerate.framework/Versions/A/Frameworks/vecLib.framework/Versions/A/libSparseBLAS.dylib
0x00007fff2a99b000 	/System/Library/Frameworks/Accelerate.framework/Versions/A/Frameworks/vecLib.framework/Versions/A/libQuadrature.dylib
0x00007fff29359000 	/System/Library/Frameworks/Accelerate.framework/Versions/A/Frameworks/vecLib.framework/Versions/A/libBNNS.dylib
0x00007fff20dcc000 	/System/Library/Frameworks/Accelerate.framework/Versions/A/Frameworks/vecLib.framework/Versions/A/libSparse.dylib
0x00007fff29244000 	/System/Library/Frameworks/MetalPerformanceShaders.framework/Versions/A/Frameworks/MPSCore.framework/Versions/A/MPSCore
0x00007fff2a387000 	/System/Library/Frameworks/MetalPerformanceShaders.framework/Versions/A/Frameworks/MPSImage.framework/Versions/A/MPSImage
0x00007fff29f52000 	/System/Library/Frameworks/MetalPerformanceShaders.framework/Versions/A/Frameworks/MPSNeuralNetwork.framework/Versions/A/MPSNeuralNetwork
0x00007fff2a312000 	/System/Library/Frameworks/MetalPerformanceShaders.framework/Versions/A/Frameworks/MPSMatrix.framework/Versions/A/MPSMatrix
0x00007fff2a17a000 	/System/Library/Frameworks/MetalPerformanceShaders.framework/Versions/A/Frameworks/MPSRayIntersector.framework/Versions/A/MPSRayIntersector
0x00007fff2a349000 	/System/Library/Frameworks/MetalPerformanceShaders.framework/Versions/A/Frameworks/MPSNDArray.framework/Versions/A/MPSNDArray
0x00007fff20b11000 	/System/Library/PrivateFrameworks/MetalTools.framework/Versions/A/MetalTools
0x00007fff292a9000 	/System/Library/PrivateFrameworks/AggregateDictionary.framework/Versions/A/AggregateDictionary
0x00007fff263ef000 	/System/Library/PrivateFrameworks/CoreAnalytics.framework/Versions/A/CoreAnalytics
0x00007fff2a928000 	/System/Library/PrivateFrameworks/AppleSauce.framework/Versions/A/AppleSauce
0x00007fff285ad000 	/System/Library/PrivateFrameworks/IOAccelerator.framework/Versions/A/IOAccelerator
0x00007fff6b713000 	/System/Library/Frameworks/OpenGL.framework/Versions/A/Libraries/libCoreFSCache.dylib
0x00007fff21489000 	/System/Library/PrivateFrameworks/LanguageModeling.framework/Versions/A/LanguageModeling
0x00007fff29af2000 	/System/Library/PrivateFrameworks/CoreEmoji.framework/Versions/A/CoreEmoji
0x00007fff29352000 	/System/Library/PrivateFrameworks/LinguisticData.framework/Versions/A/LinguisticData
0x00007fff20d7e000 	/System/Library/PrivateFrameworks/Lexicon.framework/Versions/A/Lexicon
0x00007fff2a83a000 	/usr/lib/libcmph.dylib
0x00007fff273de000 	/System/Library/Frameworks/OpenDirectory.framework/Versions/A/Frameworks/CFOpenDirectory.framework/Versions/A/CFOpenDirectory
0x00007fff273ce000 	/System/Library/Frameworks/OpenDirectory.framework/Versions/A/OpenDirectory
0x00007fff2adb6000 	/System/Library/PrivateFrameworks/APFS.framework/Versions/A/APFS
0x00007fff29e17000 	/System/Library/Frameworks/SecurityFoundation.framework/Versions/A/SecurityFoundation
0x00007fff2aebf000 	/usr/lib/libutil.dylib
0x00007fff22a94000 	/System/Library/PrivateFrameworks/CoreServicesStore.framework/Versions/A/CoreServicesStore
0x00007fff29eae000 	/System/Library/Frameworks/ServiceManagement.framework/Versions/A/ServiceManagement
0x00007fff2aec3000 	/usr/lib/libxslt.1.dylib
0x00007fff29ea4000 	/System/Library/PrivateFrameworks/BackgroundTaskManagement.framework/Versions/A/BackgroundTaskManagement
0x00007fff2c002000 	/System/Library/Frameworks/ImageIO.framework/Versions/A/Resources/libRadiance.dylib
0x00007fff2c00b000 	/System/Library/Frameworks/ImageIO.framework/Versions/A/Resources/libJPEG.dylib
0x00007fff2bf59000 	/System/Library/Frameworks/ImageIO.framework/Versions/A/Resources/libPng.dylib
0x00007fff2bf80000 	/System/Library/Frameworks/ImageIO.framework/Versions/A/Resources/libTIFF.dylib
0x00007fff2c060000 	/System/Library/Frameworks/ImageIO.framework/Versions/A/Resources/libGIF.dylib
0x00007fff2bcbd000 	/System/Library/Frameworks/ImageIO.framework/Versions/A/Resources/libJP2.dylib
0x00007fff2b3a9000 	/usr/lib/libexpat.1.dylib
0x00007fff2bc73000 	/System/Library/PrivateFrameworks/AppleJPEG.framework/Versions/A/AppleJPEG
0x00007fff287e8000 	/System/Library/PrivateFrameworks/FontServices.framework/libFontParser.dylib
0x00007fff26199000 	/System/Library/PrivateFrameworks/RunningBoardServices.framework/Versions/A/RunningBoardServices
0x00007fff2bd9b000 	/System/Library/PrivateFrameworks/WatchdogClient.framework/Versions/A/WatchdogClient
0x00007fff21576000 	/System/Library/Frameworks/CoreDisplay.framework/Versions/A/CoreDisplay
0x00007fff286fd000 	/System/Library/Frameworks/CoreMedia.framework/Versions/A/CoreMedia
0x00007fff2755a000 	/System/Library/Frameworks/CoreVideo.framework/Versions/A/CoreVideo
0x00007fff2bdd3000 	/System/Library/Frameworks/VideoToolbox.framework/Versions/A/VideoToolbox
0x00007fff26117000 	/System/Library/PrivateFrameworks/BaseBoard.framework/Versions/A/BaseBoard
0x00007fff2b4ee000 	/System/Library/PrivateFrameworks/PersistentConnection.framework/Versions/A/PersistentConnection
0x00007fff25eb2000 	/System/Library/PrivateFrameworks/ProtocolBuffer.framework/Versions/A/ProtocolBuffer
0x00007fff260fe000 	/System/Library/PrivateFrameworks/CommonUtilities.framework/Versions/A/CommonUtilities
0x00007fff2bc08000 	/System/Library/PrivateFrameworks/Bom.framework/Versions/A/Bom
0x00007fff2bffb000 	/System/Library/PrivateFrameworks/GPUWrangler.framework/Versions/A/GPUWrangler
0x00007fff2bfde000 	/System/Library/PrivateFrameworks/IOPresentment.framework/Versions/A/IOPresentment
0x00007fff2c005000 	/System/Library/PrivateFrameworks/DSExternalDisplay.framework/Versions/A/DSExternalDisplay
0x00007fff2c065000 	/System/Library/PrivateFrameworks/CMCaptureCore.framework/Versions/A/CMCaptureCore
0x00007fff2b98e000 	/System/Library/PrivateFrameworks/AppServerSupport.framework/Versions/A/AppServerSupport
0x00007fff2da32000 	/System/Library/PrivateFrameworks/perfdata.framework/Versions/A/perfdata
0x00007fff29e06000 	/System/Library/PrivateFrameworks/AssertionServices.framework/Versions/A/AssertionServices
0x00007fff216ad000 	/System/Library/PrivateFrameworks/AudioToolboxCore.framework/Versions/A/AudioToolboxCore
0x00007fff286e0000 	/System/Library/PrivateFrameworks/caulk.framework/Versions/A/caulk
0x00007fff3ccc1000 	/System/Library/PrivateFrameworks/SystemPolicy.framework/Versions/A/SystemPolicy
0x00007fff2b19f000 	/usr/lib/libIOReport.dylib
0x00007fff2d254000 	/usr/lib/libSMC.dylib
0x00007fff2bf26000 	/usr/lib/libAudioToolboxUtility.dylib
0x00007fff3d626000 	/usr/lib/libmis.dylib
0x00007fff6b76f000 	/System/Library/Frameworks/OpenGL.framework/Versions/A/Libraries/libGLU.dylib
0x00007fff6b732000 	/System/Library/Frameworks/OpenGL.framework/Versions/A/Libraries/libGFXShared.dylib
0x00007fff6b941000 	/System/Library/Frameworks/OpenGL.framework/Versions/A/Libraries/libGL.dylib
0x00007fff6b73b000 	/System/Library/Frameworks/OpenGL.framework/Versions/A/Libraries/libGLImage.dylib
0x00007fff6b72f000 	/System/Library/Frameworks/OpenGL.framework/Versions/A/Libraries/libCVMSPluginSupport.dylib
0x00007fff6b71a000 	/System/Library/Frameworks/OpenGL.framework/Versions/A/Libraries/libCoreVMClient.dylib
0x00007fff6cd82000 	/System/Library/Frameworks/OpenCL.framework/Versions/A/OpenCL
0x00007fff2b518000 	/System/Library/PrivateFrameworks/GraphVisualizer.framework/Versions/A/GraphVisualizer
0x00007fff2b527000 	/System/Library/PrivateFrameworks/FaceCore.framework/Versions/A/FaceCore
0x00007fff2b943000 	/System/Library/PrivateFrameworks/OTSVG.framework/Versions/A/OTSVG
0x00007fff27152000 	/System/Library/Frameworks/ApplicationServices.framework/Versions/A/Frameworks/ATS.framework/Versions/A/Resources/libFontRegistry.dylib
0x00007fff2b995000 	/System/Library/PrivateFrameworks/FontServices.framework/libhvf.dylib
0x00007fff2b355000 	/System/Library/PrivateFrameworks/AppleVA.framework/Versions/A/AppleVA
0x00007fff2d09d000 	/System/Library/Frameworks/ApplicationServices.framework/Versions/A/Frameworks/ATS.framework/Versions/A/ATS
0x00007fff2d3af000 	/System/Library/Frameworks/ApplicationServices.framework/Versions/A/Frameworks/ColorSyncLegacy.framework/Versions/A/ColorSyncLegacy
0x00007fff2567b000 	/System/Library/Frameworks/ApplicationServices.framework/Versions/A/Frameworks/HIServices.framework/Versions/A/HIServices
0x00007fff2d394000 	/System/Library/Frameworks/ApplicationServices.framework/Versions/A/Frameworks/LangAnalysis.framework/Versions/A/LangAnalysis
0x00007fff2c06f000 	/System/Library/Frameworks/ApplicationServices.framework/Versions/A/Frameworks/PrintCore.framework/Versions/A/PrintCore
0x00007fff2d3b7000 	/System/Library/Frameworks/ApplicationServices.framework/Versions/A/Frameworks/QD.framework/Versions/A/QD
0x00007fff2d08d000 	/System/Library/Frameworks/ApplicationServices.framework/Versions/A/Frameworks/SpeechSynthesis.framework/Versions/A/SpeechSynthesis
0x00007fff2c030000 	/System/Library/Frameworks/ApplicationServices.framework/Versions/A/Frameworks/ATSUI.framework/Versions/A/ATSUI
0x00007fff2d334000 	/usr/lib/libcups.2.dylib
0x00007fff2d3a4000 	/System/Library/PrivateFrameworks/NetAuth.framework/Versions/A/NetAuth
0x00007fff2da4e000 	/System/Library/Frameworks/Kerberos.framework/Versions/A/Kerberos
0x00007fff2da5e000 	/System/Library/Frameworks/GSS.framework/Versions/A/GSS
0x00007fff2d109000 	/usr/lib/libresolv.9.dylib
0x00007fff2b9aa000 	/System/Library/PrivateFrameworks/Heimdal.framework/Versions/A/Heimdal
0x00007fff337c5000 	/System/Library/Frameworks/Kerberos.framework/Versions/A/Libraries/libHeimdalProxy.dylib
0x00007fff2626a000 	/System/Library/Frameworks/Network.framework/Versions/A/Network
0x00007fff2b3c3000 	/usr/lib/libheimdal-asn1.dylib
0x00007fff2daae000 	/System/Library/PrivateFrameworks/CommonAuth.framework/Versions/A/CommonAuth
0x00007fff275a7000 	/System/Library/PrivateFrameworks/login.framework/Versions/A/Frameworks/loginsupport.framework/Versions/A/loginsupport
0x00007fff2d012000 	/System/Library/PrivateFrameworks/AudioSession.framework/Versions/A/AudioSession
0x00007fff2d07a000 	/usr/lib/libAudioStatistics.dylib
0x00007fff2b450000 	/System/Library/PrivateFrameworks/MediaExperience.framework/Versions/A/MediaExperience
0x00007fff2ceb0000 	/System/Library/PrivateFrameworks/AudioSession.framework/libSessionUtility.dylib
0x00007fff2da3f000 	/usr/lib/libperfcheck.dylib
0x00007fff2d3c3000 	/System/Library/PrivateFrameworks/AudioResourceArbitration.framework/Versions/A/AudioResourceArbitration
0x00007fff2b3cd000 	/System/Library/PrivateFrameworks/IconFoundation.framework/Versions/A/IconFoundation
0x00007fff2fed4000 	/System/Library/PrivateFrameworks/SpeechRecognitionCore.framework/Versions/A/SpeechRecognitionCore
0x0000000111000000 	/Library/Java/JavaVirtualMachines/jdk-14.0.2.jdk/Contents/Home/lib/server/libjvm.dylib
0x000000010cc1b000 	/Library/Java/JavaVirtualMachines/jdk-14.0.2.jdk/Contents/Home/lib/libjimage.dylib
0x000000010cc7b000 	/Library/Java/JavaVirtualMachines/jdk-14.0.2.jdk/Contents/Home/lib/libjava.dylib
0x000000010ccd8000 	/Library/Java/JavaVirtualMachines/jdk-14.0.2.jdk/Contents/Home/lib/libzip.dylib
0x0000000133d18000 	/Library/Java/JavaVirtualMachines/jdk-14.0.2.jdk/Contents/Home/lib/libnio.dylib
0x0000000133d45000 	/Library/Java/JavaVirtualMachines/jdk-14.0.2.jdk/Contents/Home/lib/libnet.dylib
0x0000000133d98000 	/Library/Java/JavaVirtualMachines/jdk-14.0.2.jdk/Contents/Home/lib/libawt.dylib
0x0000000133edb000 	/Library/Java/JavaVirtualMachines/jdk-14.0.2.jdk/Contents/Home/lib/libmlib_image.dylib
0x00007fff6e7a6000 	/System/Library/Frameworks/JavaNativeFoundation.framework/Versions/A/JavaNativeFoundation
0x00007fff6e7b2000 	/System/Library/Frameworks/JavaRuntimeSupport.framework/Versions/A/JavaRuntimeSupport
0x00007fff3ca43000 	/System/Library/Frameworks/Carbon.framework/Versions/A/Carbon
0x00007fff31eb4000 	/System/Library/PrivateFrameworks/CoreSymbolication.framework/Versions/A/CoreSymbolication
0x00007fff366ab000 	/System/Library/Frameworks/Carbon.framework/Versions/A/Frameworks/CommonPanels.framework/Versions/A/CommonPanels
0x00007fff33284000 	/System/Library/Frameworks/Carbon.framework/Versions/A/Frameworks/Help.framework/Versions/A/Help
0x00007fff366af000 	/System/Library/Frameworks/Carbon.framework/Versions/A/Frameworks/ImageCapture.framework/Versions/A/ImageCapture
0x00007fff36687000 	/System/Library/Frameworks/Carbon.framework/Versions/A/Frameworks/OpenScripting.framework/Versions/A/OpenScripting
0x00007fff366a7000 	/System/Library/Frameworks/Carbon.framework/Versions/A/Frameworks/Ink.framework/Versions/A/Ink
0x00007fff3ca3f000 	/System/Library/Frameworks/Carbon.framework/Versions/A/Frameworks/Print.framework/Versions/A/Print
0x00007fff366a3000 	/System/Library/Frameworks/Carbon.framework/Versions/A/Frameworks/SecurityHI.framework/Versions/A/SecurityHI
0x00007fff31e77000 	/System/Library/PrivateFrameworks/DebugSymbols.framework/Versions/A/DebugSymbols
0x0000000133fc8000 	/Library/Java/JavaVirtualMachines/jdk-14.0.2.jdk/Contents/Home/lib/libawt_lwawt.dylib
0x000000013414d000 	/Library/Java/JavaVirtualMachines/jdk-14.0.2.jdk/Contents/Home/lib/libosxapp.dylib
0x00007fff3c0cb000 	/System/Library/Frameworks/ExceptionHandling.framework/Versions/A/ExceptionHandling
0x00000001341e2000 	/Library/Java/JavaVirtualMachines/jdk-14.0.2.jdk/Contents/Home/lib/libfontmanager.dylib
0x000000013442e000 	/Library/Java/JavaVirtualMachines/jdk-14.0.2.jdk/Contents/Home/lib/libfreetype.dylib
0x00007fff22a55000 	/System/Library/PrivateFrameworks/CoreServicesInternal.framework/Versions/A/CoreServicesInternal
0x00007fff313da000 	/System/Library/Frameworks/FileProvider.framework/Versions/A/FileProvider
0x00007fff26081000 	/System/Library/Frameworks/Accounts.framework/Versions/A/Accounts
0x00007fff314fb000 	/System/Library/PrivateFrameworks/GenerationalStorage.framework/Versions/A/GenerationalStorage
0x00007fff30df9000 	/System/Library/PrivateFrameworks/SymptomDiagnosticReporter.framework/Versions/A/SymptomDiagnosticReporter
0x00007fff2e6eb000 	/System/Library/PrivateFrameworks/AppContainer.framework/Versions/A/AppContainer
0x00007fff23b98000 	/System/Library/PrivateFrameworks/DesktopServicesPriv.framework/Versions/A/DesktopServicesPriv
0x00007fff22b89000 	/usr/lib/libsandbox.1.dylib
0x00007fff275d3000 	/System/Library/PrivateFrameworks/UserManagement.framework/Versions/A/UserManagement
0x00007fff29de3000 	/System/Library/PrivateFrameworks/MobileKeyBag.framework/Versions/A/MobileKeyBag
0x00007fff34827000 	/System/Library/PrivateFrameworks/ChunkingLibrary.framework/Versions/A/ChunkingLibrary
0x00007fff2e700000 	/System/Library/PrivateFrameworks/SecCodeWrapper.framework/Versions/A/SecCodeWrapper
0x00007fff2b1a7000 	/System/Library/PrivateFrameworks/CrashReporterSupport.framework/Versions/A/CrashReporterSupport
0x00007fff47ac3000 	/System/Library/PrivateFrameworks/OSAnalytics.framework/Versions/A/OSAnalytics
0x00007fff78335000 	/usr/lib/libRosetta.dylib
0x00007fff33215000 	/System/Library/PrivateFrameworks/RemoteServiceDiscovery.framework/Versions/A/RemoteServiceDiscovery
0x00007fff51597000 	/System/Library/PrivateFrameworks/Symbolication.framework/Versions/A/Symbolication
0x00007fff33225000 	/System/Library/PrivateFrameworks/RemoteXPC.framework/Versions/A/RemoteXPC
0x00007fff39510000 	/System/Library/PrivateFrameworks/OSAServicesClient.framework/Versions/A/OSAServicesClient
0x00007fff3d605000 	/System/Library/PrivateFrameworks/MallocStackLogging.framework/Versions/A/MallocStackLogging
0x00007fff2e483000 	/System/Library/PrivateFrameworks/Sharing.framework/Versions/A/Sharing
0x00007fff32df2000 	/System/Library/PrivateFrameworks/Apple80211.framework/Versions/A/Apple80211
0x00007fff2a469000 	/System/Library/PrivateFrameworks/AuthKit.framework/Versions/A/AuthKit
0x00007fff29be3000 	/System/Library/PrivateFrameworks/CoreUtils.framework/Versions/A/CoreUtils
0x00007fff29b10000 	/System/Library/Frameworks/CoreWLAN.framework/Versions/A/CoreWLAN
0x00007fff2e5ca000 	/System/Library/Frameworks/IOBluetooth.framework/Versions/A/IOBluetooth
0x00007fff32e56000 	/System/Library/PrivateFrameworks/CoreWiFi.framework/Versions/A/CoreWiFi
0x00007fff2db34000 	/System/Library/PrivateFrameworks/CorePhoneNumbers.framework/Versions/A/CorePhoneNumbers
0x00007fff30f01000 	/System/Library/PrivateFrameworks/DiskManagement.framework/Versions/A/DiskManagement
0x00007fff30e17000 	/System/Library/PrivateFrameworks/AppleIDAuthSupport.framework/Versions/A/AppleIDAuthSupport
0x00007fff2db11000 	/System/Library/PrivateFrameworks/KeychainCircle.framework/Versions/A/KeychainCircle
0x00007fff30ecd000 	/System/Library/PrivateFrameworks/MediaKit.framework/Versions/A/MediaKit
0x00007fff30e24000 	/System/Library/Frameworks/DiscRecording.framework/Versions/A/DiscRecording
0x00007fff2b2c9000 	/usr/lib/libCoreStorage.dylib
0x00007fff33290000 	/usr/lib/libcsfde.dylib
0x00007fff2e704000 	/System/Library/PrivateFrameworks/ProtectedCloudStorage.framework/Versions/A/ProtectedCloudStorage
0x00007fff33288000 	/System/Library/PrivateFrameworks/EFILogin.framework/Versions/A/EFILogin
0x00007fff33878000 	/System/Library/Frameworks/AudioUnit.framework/Versions/A/AudioUnit
0x00007fff30d63000 	/System/Library/Frameworks/CoreBluetooth.framework/Versions/A/CoreBluetooth
0x00007fff2b2c1000 	/usr/lib/libMatch.1.dylib
0x00007fff437e2000 	/System/Library/CoreServices/RawCamera.bundle/Contents/MacOS/RawCamera
0x00007fff2dabf000 	/System/Library/PrivateFrameworks/MobileAsset.framework/Versions/A/MobileAsset
0x00007fff3389d000 	/System/Library/PrivateFrameworks/StreamingZip.framework/Versions/A/StreamingZip
0x00007fff2c268000 	/System/Library/Frameworks/MediaToolbox.framework/Versions/A/MediaToolbox
0x00007fff313ac000 	/System/Library/PrivateFrameworks/CoreAVCHD.framework/Versions/A/CoreAVCHD
0x00007fff30540000 	/System/Library/Frameworks/MediaAccessibility.framework/Versions/A/MediaAccessibility
0x00007fff313a8000 	/System/Library/PrivateFrameworks/Mangrove.framework/Versions/A/Mangrove
0x00007fff3054c000 	/System/Library/PrivateFrameworks/AlgosScoreFramework.framework/Versions/A/AlgosScoreFramework
0x00007fff31d67000 	/System/Library/PrivateFrameworks/AppleVPA.framework/Versions/A/AppleVPA
0x00007fff30fed000 	/System/Library/PrivateFrameworks/CoreAUC.framework/Versions/A/CoreAUC
0x00007fff411d6000 	/System/Library/Frameworks/Accelerate.framework/Versions/A/Frameworks/vImage.framework/Versions/A/Libraries/libCGInterfaces.dylib
0x0000000136a17000 	/usr/lib/libobjc-trampolines.dylib
0x00007fff272d6000 	/System/Library/PrivateFrameworks/ViewBridge.framework/Versions/A/ViewBridge
0x00007fff2ba6b000 	/System/Library/PrivateFrameworks/login.framework/Versions/A/login
0x00007fff6b94c000 	/System/Library/Frameworks/OpenGL.framework/Versions/A/Resources/GLEngine.bundle/GLEngine
0x00007fff6b7ac000 	/System/Library/Frameworks/OpenGL.framework/Versions/A/Libraries/libGLProgrammability.dylib
0x00000001390db000 	/System/Library/Extensions/AppleMetalGLRenderer.bundle/Contents/MacOS/AppleMetalGLRenderer
0x00007fff6bac8000 	/System/Library/Frameworks/OpenGL.framework/Versions/A/Resources/GLRendererFloat.bundle/GLRendererFloat
0x0000000139231000 	/System/Library/Extensions/AGXMetal13_3.bundle/Contents/MacOS/AGXMetal13_3
0x00007fff38875000 	/System/Library/PrivateFrameworks/IOGPU.framework/Versions/A/IOGPU
0x00007fff692a5000 	/System/Library/PrivateFrameworks/GPUCompiler.framework/Versions/31001/Libraries/libmetal_timestamp.dylib
0x000000013461f000 	/Library/Java/JavaVirtualMachines/jdk-14.0.2.jdk/Contents/Home/lib/libosxui.dylib


VM Arguments:
java_command: BeanCounterGUI 500 luck
java_class_path (initial): bin
Launcher Type: SUN_STANDARD

[Global flags]
     intx CICompilerCount                          = 4                                         {product} {ergonomic}
     uint ConcGCThreads                            = 2                                         {product} {ergonomic}
     uint G1ConcRefinementThreads                  = 8                                         {product} {ergonomic}
   size_t G1HeapRegionSize                         = 1048576                                   {product} {ergonomic}
    uintx GCDrainStackTargetSize                   = 64                                        {product} {ergonomic}
   size_t InitialHeapSize                          = 134217728                                 {product} {ergonomic}
   size_t MarkStackSize                            = 4194304                                   {product} {ergonomic}
   size_t MaxHeapSize                              = 2147483648                                {product} {ergonomic}
   size_t MaxNewSize                               = 1287651328                                {product} {ergonomic}
   size_t MinHeapDeltaBytes                        = 1048576                                   {product} {ergonomic}
   size_t MinHeapSize                              = 8388608                                   {product} {ergonomic}
    uintx NonNMethodCodeHeapSize                   = 5839372                                {pd product} {ergonomic}
    uintx NonProfiledCodeHeapSize                  = 122909434                              {pd product} {ergonomic}
    uintx ProfiledCodeHeapSize                     = 122909434                              {pd product} {ergonomic}
    uintx ReservedCodeCacheSize                    = 251658240                              {pd product} {ergonomic}
     bool SegmentedCodeCache                       = true                                      {product} {ergonomic}
   size_t SoftMaxHeapSize                          = 2147483648                             {manageable} {ergonomic}
     bool UseCompressedClassPointers               = true                                 {lp64_product} {ergonomic}
     bool UseCompressedOops                        = true                                 {lp64_product} {ergonomic}
     bool UseG1GC                                  = true                                      {product} {ergonomic}

Logging:
Log output configuration:
 #0: stdout all=warning uptime,level,tags
 #1: stderr all=off uptime,level,tags

Environment Variables:
PATH=/usr/local/bin:/usr/bin:/bin:/usr/sbin:/sbin
SHELL=/bin/zsh

Signal Handlers:
SIGSEGV: [libjvm.dylib+0x7415b8], sa_mask[0]=11111111111111111111111111111111, sa_flags=SA_ONSTACK|SA_RESTART|SA_SIGINFO
SIGBUS: [libjvm.dylib+0x7415b8], sa_mask[0]=11111111111111111111111111111111, sa_flags=SA_RESTART|SA_SIGINFO
SIGFPE: [libjvm.dylib+0x7415b8], sa_mask[0]=11111111111111111111111111111111, sa_flags=SA_RESTART|SA_SIGINFO
SIGPIPE: [libjvm.dylib+0x5eb4b1], sa_mask[0]=11111111111111111111111111111111, sa_flags=SA_RESTART|SA_SIGINFO
SIGXFSZ: [libjvm.dylib+0x5eb4b1], sa_mask[0]=11111111111111111111111111111111, sa_flags=SA_RESTART|SA_SIGINFO
SIGILL: [libjvm.dylib+0x7415b8], sa_mask[0]=11111111111111111111111111111111, sa_flags=SA_RESTART|SA_SIGINFO
SIGUSR2: [libjvm.dylib+0x5eba83], sa_mask[0]=00000000000000000000000000000000, sa_flags=SA_RESTART|SA_SIGINFO
SIGHUP: [libjvm.dylib+0x5eaae5], sa_mask[0]=11111111111111111111111111111111, sa_flags=SA_RESTART|SA_SIGINFO
SIGINT: [libjvm.dylib+0x5eaae5], sa_mask[0]=11111111111111111111111111111111, sa_flags=SA_RESTART|SA_SIGINFO
SIGTERM: [libjvm.dylib+0x5eaae5], sa_mask[0]=11111111111111111111111111111111, sa_flags=SA_RESTART|SA_SIGINFO
SIGQUIT: [libjvm.dylib+0x5eaae5], sa_mask[0]=11111111111111111111111111111111, sa_flags=SA_RESTART|SA_SIGINFO


---------------  S Y S T E M  ---------------

OS:uname:Darwin 20.1.0 Darwin Kernel Version 20.1.0: Sun Oct 18 15:32:00 PDT 2020; root:xnu-7195.41.8~9/RELEASE_ARM64_T8101 x86_64
OS uptime: 2 days 22:01 hours
rlimit: STACK 8176k, CORE 0k, NPROC 1333, NOFILE 10240, AS infinity, DATA infinity, FSIZE infinity
load average:1.76 1.86 1.86

CPU:total 8 (initial active 8) (1 cores per cpu, 1 threads per core) family 6 model 44 stepping 0, cmov, cx8, fxsr, mmx, sse, sse2, sse3, ssse3, sse4.1, sse4.2, popcnt, aes, clmul, tsc, tscinvbit, tscinv

Memory: 4k page, physical 8388608k(32968k free), swap 7340032k(1315328k free)

vm_info: Java HotSpot(TM) 64-Bit Server VM (14.0.2+12-46) for bsd-amd64 JRE (14.0.2+12-46), built on Jul  8 2020 23:32:31 by "mach5one" with clang 4.2.1 Compatible Apple LLVM 10.0.0 (clang-1000.11.45.5)

END.
